L'usuari/a daniel@rupersio.es ha realitzat l'acció CONTACTE el día 01.02.26 a l'hora 15:49:48
L'usuari/a <em>Valor_Vuit</em> ha realitzat l'acció CONTACTE el día 01.02.26 a l'hora 15:49:54
L'usuari/a <em>Valor_Vuit</em> ha realitzat l'acció CONTACTE el día 03.02.26 a l'hora 12:23:59
L'usuari/a correu@alumne.es ha realitzat l'acció CONTACTE el día 05.02.26 a l'hora 23:07:49
L'usuari/a <em>Valor_Vuit</em> ha realitzat l'acció CONTACTE el día 05.02.26 a l'hora 23:07:54
L'usuari/a <em>Valor_Vuit</em> ha realitzat l'acció CONTACTE el día 05.02.26 a l'hora 23:10:27
L'usuari/a <em>Valor_Vuit</em> ha realitzat l'acció CONTACTE el día 05.02.26 a l'hora 23:10:32
L'usuari/a <em>Valor_Vuit</em> ha realitzat l'acció CONTACTE el día 05.02.26 a l'hora 23:10:36
L'usuari/a s@b.ees ha realitzat l'acció CONTACTE el día 05.02.26 a l'hora 23:13:37
L'usuari/a <em>Valor_Vuit</em> ha realitzat l'acció CONTACTE el día 05.02.26 a l'hora 23:19:49
L'usuari/a <em>Valor_Vuit</em> ha realitzat l'acció REGISTRA el día 05.02.26 a l'hora 23:22:29
L'usuari/a <em>Valor_Vuit</em> ha realitzat l'acció REGISTRA el día 05.02.26 a l'hora 23:22:36
L'usuari/a correu@alumne.es ha realitzat l'acció REGISTRA el día 07.02.26 a l'hora 17:51:26
L'usuari/a correu@alume.es ha realitzat l'acció REGISTRA el día 07.02.26 a l'hora 17:55:07
L'usuari/a correu@alumne.es ha realitzat l'acció REGISTRA el día 07.02.26 a l'hora 17:58:34
L'usuari/a riber@berto.es ha realitzat l'acció REGISTRA el día 08.02.26 a l'hora 18:37:27
L'usuari/a riber@berto.es ha realitzat l'acció REGISTRA el día 08.02.26 a l'hora 18:51:39
L'usuari/a riber@berto.es ha realitzat l'acció REGISTRA el día 08.02.26 a l'hora 18:55:49
L'usuari/a riber@berto.es ha realitzat l'acció REGISTRA el día 08.02.26 a l'hora 18:56:49
L'usuari/a riber@berto.es ha realitzat l'acció REGISTRA el día 08.02.26 a l'hora 19:00:03
L'usuari/a riber@berto.es ha realitzat l'acció REGISTRA el día 08.02.26 a l'hora 19:02:22
L'usuari/a correu@alumne.es ha realitzat l'acció REGISTRA el día 08.02.26 a l'hora 19:09:43
L'usuari/a correu@alumne.es ha realitzat l'acció REGISTRA el día 08.02.26 a l'hora 19:10:54
L'usuari/a correu@alumne.es ha realitzat l'acció REGISTRA el día 08.02.26 a l'hora 19:11:33
L'usuari/a ss@d.es ha realitzat l'acció REGISTRA el día 08.02.26 a l'hora 19:12:07
L'usuari/a kkdkkd@www.es ha realitzat l'acció REGISTRA el día 08.02.26 a l'hora 19:19:20
L'usuari/a <em>Valor_Vuit</em> ha realitzat l'acció REGISTRA el día 08.02.26 a l'hora 19:26:31
L'usuari/a <em>Valor_Vuit</em> ha realitzat l'acció REGISTRA el día 08.02.26 a l'hora 19:26:39
L'usuari/a <em>Valor_Vuit</em> ha realitzat l'acció REGISTRA el día 08.02.26 a l'hora 19:26:43
L'usuari/a <em>Valor_Vuit</em> ha realitzat l'acció REGISTRA el día 08.02.26 a l'hora 19:26:49
L'usuari/a <em>Valor_Vuit</em> ha realitzat l'acció REGISTRA el día 08.02.26 a l'hora 19:26:53
L'usuari/a <em>Valor_Vuit</em> ha realitzat l'acció REGISTRA el día 08.02.26 a l'hora 19:26:58
L'usuari/a <em>Valor_Vuit</em> ha realitzat l'acció REGISTRA el día 08.02.26 a l'hora 19:27:02
L'usuari/a correu@alumne.es ha realitzat l'acció REGISTRA el día 10.02.26 a l'hora 21:48:04
L'usuari/a correu@alumne.es ha realitzat l'acció REGISTRA el día 10.02.26 a l'hora 21:48:51
L'usuari/a correu@alumne.es ha realitzat l'acció REGISTRA el día 10.02.26 a l'hora 21:53:23
L'usuari/a ss@ll.es ha realitzat l'acció REGISTRA el día 10.02.26 a l'hora 22:11:38
L'usuari/a paca@gmail.com ha realitzat l'acció REGISTRA el día 10.02.26 a l'hora 22:16:19
L'usuari/a ash@gmail.com ha realitzat l'acció REGISTRA el día 13.02.26 a l'hora 23:51:22
L'usuari/a ash@gmail.com ha realitzat l'acció REGISTRA el día 13.02.26 a l'hora 23:56:31
L'usuari/a ash@gmail.com ha realitzat l'acció REGISTRA el día 13.02.26 a l'hora 23:57:19
L'usuari/a ash@gmail.com ha realitzat l'acció REGISTRA el día 13.02.26 a l'hora 23:57:41
L'usuari/a ash@gmail.com ha realitzat l'acció REGISTRA el día 13.02.26 a l'hora 23:58:46
L'usuari/a ash@gmail.com ha realitzat l'acció REGISTRA el día 13.02.26 a l'hora 23:59:30
L'usuari/a alumne@correu.com ha realitzat l'acció CONTACTE el día 14.02.26 a l'hora 00:03:08
L'usuari/a alumne@correu.com ha realitzat l'acció CONTACTE el día 14.02.26 a l'hora 00:09:59
L'usuari/a saffira@alumane.es ha realitzat l'acció REGISTRA el día 15.02.26 a l'hora 23:22:35
L'usuari/a hola@hola.es ha realitzat l'acció CONTACTE el día 18.02.26 a l'hora 21:28:24
L'usuari/a andreu@alumne.es ha realitzat l'acció REGISTRA el día 18.02.26 a l'hora 21:40:26
L'usuari/a <em>Valor_Vuit</em> ha realitzat l'acció REGISTRA el día 18.02.26 a l'hora 21:42:33
L'usuari/a <em>Valor_Vuit</em> ha realitzat l'acció REGISTRA el día 18.02.26 a l'hora 21:54:39
L'usuari/a <em>Valor_Vuit</em> ha realitzat l'acció REGISTRA el día 18.02.26 a l'hora 21:55:07
L'usuari/a <em>Valor_Vuit</em> ha realitzat l'acció REGISTRA el día 18.02.26 a l'hora 22:00:46
L'usuari/a <em>Valor_Vuit</em> ha realitzat l'acció REGISTRA el día 18.02.26 a l'hora 22:00:51
L'usuari/a <em>Valor_Vuit</em> ha realitzat l'acció REGISTRA el día 18.02.26 a l'hora 22:01:53
L'usuari/a correu@alumne.com ha realitzat l'acció REGISTRA el día 18.02.26 a l'hora 22:02:53
L'usuari/a <em>Valor_Vuit</em> ha realitzat l'acció REGISTRA el día 18.02.26 a l'hora 22:03:40
L'usuari/a correu@alumne.es ha realitzat l'acció REGISTRA el día 18.02.26 a l'hora 22:04:56
L'usuari/a correu@alumne.es ha realitzat l'acció REGISTRA el día 18.02.26 a l'hora 22:15:33
L'usuari/a jose@alumne.es ha realitzat l'acció REGISTRA el día 18.02.26 a l'hora 22:59:57
L'usuari/a jose@alumne.es ha realitzat l'acció REGISTRA el día 18.02.26 a l'hora 23:03:23
L'usuari/a jose@alumne.es ha realitzat l'acció REGISTRA el día 18.02.26 a l'hora 23:06:03
L'usuari/a jose@alumne.es ha realitzat l'acció REGISTRA el día 18.02.26 a l'hora 23:09:32
L'usuari/a jose@alumne.es ha realitzat l'acció REGISTRA el día 18.02.26 a l'hora 23:12:54
L'usuari/a jose@alumne.es ha realitzat l'acció REGISTRA el día 18.02.26 a l'hora 23:15:40
L'usuari/a jose@alumne.es ha realitzat l'acció REGISTRA el día 18.02.26 a l'hora 23:16:31
L'usuari/a jose@alumne.es ha realitzat l'acció REGISTRA el día 18.02.26 a l'hora 23:18:51
L'usuari/a <em>Valor_Vuit</em> ha realitzat l'acció REGISTRA el día 18.02.26 a l'hora 23:20:39
L'usuari/a <em>Valor_Vuit</em> ha realitzat l'acció REGISTRA el día 18.02.26 a l'hora 23:20:39
L'usuari/a <em>Valor_Vuit</em> ha realitzat l'acció REGISTRA el día 18.02.26 a l'hora 23:20:39
L'usuari/a <em>Valor_Vuit</em> ha realitzat l'acció REGISTRA el día 18.02.26 a l'hora 23:20:39
L'usuari/a <em>Valor_Vuit</em> ha realitzat l'acció REGISTRA el día 18.02.26 a l'hora 23:20:39
L'usuari/a <em>Valor_Vuit</em> ha realitzat l'acció REGISTRA el día 18.02.26 a l'hora 23:20:39
L'usuari/a <em>Valor_Vuit</em> ha realitzat l'acció REGISTRA el día 18.02.26 a l'hora 23:20:39
L'usuari/a <em>Valor_Vuit</em> ha realitzat l'acció REGISTRA el día 18.02.26 a l'hora 23:20:39
L'usuari/a <em>Valor_Vuit</em> ha realitzat l'acció REGISTRA el día 18.02.26 a l'hora 23:20:39
L'usuari/a <em>Valor_Vuit</em> ha realitzat l'acció REGISTRA el día 18.02.26 a l'hora 23:20:39
L'usuari/a <em>Valor_Vuit</em> ha realitzat l'acció REGISTRA el día 18.02.26 a l'hora 23:20:39
L'usuari/a <em>Valor_Vuit</em> ha realitzat l'acció REGISTRA el día 18.02.26 a l'hora 23:20:39
L'usuari/a <em>Valor_Vuit</em> ha realitzat l'acció REGISTRA el día 18.02.26 a l'hora 23:20:39
L'usuari/a <em>Valor_Vuit</em> ha realitzat l'acció REGISTRA el día 18.02.26 a l'hora 23:20:39
L'usuari/a <em>Valor_Vuit</em> ha realitzat l'acció REGISTRA el día 18.02.26 a l'hora 23:20:39
L'usuari/a <em>Valor_Vuit</em> ha realitzat l'acció REGISTRA el día 18.02.26 a l'hora 23:20:39
L'usuari/a <em>Valor_Vuit</em> ha realitzat l'acció REGISTRA el día 18.02.26 a l'hora 23:20:39
L'usuari/a <em>Valor_Vuit</em> ha realitzat l'acció REGISTRA el día 18.02.26 a l'hora 23:20:39
L'usuari/a <em>Valor_Vuit</em> ha realitzat l'acció REGISTRA el día 18.02.26 a l'hora 23:20:39
L'usuari/a <em>Valor_Vuit</em> ha realitzat l'acció REGISTRA el día 18.02.26 a l'hora 23:20:39
L'usuari/a <em>Valor_Vuit</em> ha realitzat l'acció REGISTRA el día 18.02.26 a l'hora 23:20:39
L'usuari/a <em>Valor_Vuit</em> ha realitzat l'acció REGISTRA el día 18.02.26 a l'hora 23:20:41
L'usuari/a <em>Valor_Vuit</em> ha realitzat l'acció REGISTRA el día 18.02.26 a l'hora 23:20:41
L'usuari/a <em>Valor_Vuit</em> ha realitzat l'acció REGISTRA el día 18.02.26 a l'hora 23:20:41
L'usuari/a <em>Valor_Vuit</em> ha realitzat l'acció REGISTRA el día 18.02.26 a l'hora 23:20:41
L'usuari/a <em>Valor_Vuit</em> ha realitzat l'acció REGISTRA el día 18.02.26 a l'hora 23:20:41
L'usuari/a <em>Valor_Vuit</em> ha realitzat l'acció REGISTRA el día 18.02.26 a l'hora 23:20:41
L'usuari/a <em>Valor_Vuit</em> ha realitzat l'acció REGISTRA el día 18.02.26 a l'hora 23:20:41
L'usuari/a <em>Valor_Vuit</em> ha realitzat l'acció REGISTRA el día 18.02.26 a l'hora 23:20:41
L'usuari/a <em>Valor_Vuit</em> ha realitzat l'acció REGISTRA el día 18.02.26 a l'hora 23:20:41
L'usuari/a <em>Valor_Vuit</em> ha realitzat l'acció REGISTRA el día 18.02.26 a l'hora 23:20:41
L'usuari/a <em>Valor_Vuit</em> ha realitzat l'acció REGISTRA el día 18.02.26 a l'hora 23:20:41
L'usuari/a <em>Valor_Vuit</em> ha realitzat l'acció REGISTRA el día 18.02.26 a l'hora 23:20:41
L'usuari/a <em>Valor_Vuit</em> ha realitzat l'acció REGISTRA el día 18.02.26 a l'hora 23:20:41
L'usuari/a <em>Valor_Vuit</em> ha realitzat l'acció REGISTRA el día 18.02.26 a l'hora 23:20:41
L'usuari/a <em>Valor_Vuit</em> ha realitzat l'acció REGISTRA el día 18.02.26 a l'hora 23:20:41
L'usuari/a <em>Valor_Vuit</em> ha realitzat l'acció REGISTRA el día 18.02.26 a l'hora 23:20:41
L'usuari/a <em>Valor_Vuit</em> ha realitzat l'acció REGISTRA el día 18.02.26 a l'hora 23:20:41
L'usuari/a <em>Valor_Vuit</em> ha realitzat l'acció REGISTRA el día 18.02.26 a l'hora 23:20:41
L'usuari/a <em>Valor_Vuit</em> ha realitzat l'acció REGISTRA el día 18.02.26 a l'hora 23:20:41
L'usuari/a <em>Valor_Vuit</em> ha realitzat l'acció REGISTRA el día 18.02.26 a l'hora 23:20:41
L'usuari/a <em>Valor_Vuit</em> ha realitzat l'acció REGISTRA el día 18.02.26 a l'hora 23:20:41
L'usuari/a <em>Valor_Vuit</em> ha realitzat l'acció REGISTRA el día 18.02.26 a l'hora 23:21:26
L'usuari/a jose@alumne.es ha realitzat l'acció REGISTRA el día 18.02.26 a l'hora 23:24:38
L'usuari/a jose@alumne.es ha realitzat l'acció REGISTRA el día 18.02.26 a l'hora 23:24:39
L'usuari/a jose@alumne.es ha realitzat l'acció REGISTRA el día 18.02.26 a l'hora 23:26:20
L'usuari/a jose@alumne.es ha realitzat l'acció REGISTRA el día 18.02.26 a l'hora 23:26:24
L'usuari/a daniel@alumen.es ha realitzat l'acció CONTACTE el día 18.02.26 a l'hora 23:27:40
L'usuari/a correu@alumne.com ha realitzat l'acció REGISTRA el día 18.02.26 a l'hora 23:36:44
L'usuari/a hila@correu.es ha realitzat l'acció CONTACTE el día 23.02.26 a l'hora 21:47:44
L'usuari/a correu@alumne.es ha realitzat l'acció REGISTRA el día 24.02.26 a l'hora 21:58:30
L'usuari/a correu@alumne.es ha realitzat l'acció CONTACTE el día 26.02.26 a l'hora 21:41:38
L'usuari/a correu@alumne.com ha realitzat l'acció REGISTRA el día 26.02.26 a l'hora 21:42:46
L'usuari/a saffira@alumne.es ha realitzat l'acció CONTACTE el día 04.03.26 a l'hora 22:46:59
L'usuari/a correu@alumne.com ha realitzat l'acció CONTACTE el día 06.03.26 a l'hora 16:16:02
L'usuari/a correu@alumne.com ha realitzat l'acció CONTACTE el día 06.03.26 a l'hora 16:21:04
L'usuari/a admin@daw.com ha realitzat l'acció LOGIN el día 06.03.26 a l'hora 16:32:58
L'usuari/a correu@alumne.com ha realitzat l'acció LOGIN el día 06.03.26 a l'hora 16:36:42
L'usuari/a <em>Valor_Vuit</em> ha realitzat l'acció LOGOUT el día 06.03.26 a l'hora 16:36:59
L'usuari/a admin@daw.com ha realitzat l'acció LOGIN el día 06.03.26 a l'hora 17:00:03
L'usuari/a  ha realitzat l'acció ELIMINAR USUARI el día 06.03.26 a l'hora 17:04:47
L'usuari/a admim@daw.com ha realitzat l'acció ELIMINAR USUARI el día 06.03.26 a l'hora 17:25:54
L'usuari/a <em>Valor_Vuit</em> ha realitzat l'acció LOGOUT el día 06.03.26 a l'hora 17:29:28
L'usuari/a fagfas@sks.es ha realitzat l'acció LOGIN el día 06.03.26 a l'hora 17:29:41
L'usuari/a admin@daw.com ha realitzat l'acció LOGIN el día 06.03.26 a l'hora 17:30:54
L'usuari/a admin@dam.es ha realitzat l'acció LOGIN el día 06.03.26 a l'hora 17:33:29
L'usuari/a jdsjdi@jk.es ha realitzat l'acció LOGIN el día 06.03.26 a l'hora 17:36:24
L'usuari/a admin@daw.com ha realitzat l'acció LOGIN el día 06.03.26 a l'hora 17:40:08
L'usuari/a <em>Valor_Vuit</em> ha realitzat l'acció LOGOUT el día 06.03.26 a l'hora 18:01:53
L'usuari/a  ha realitzat l'acció ACCES INCORRECTE el día 06.03.26 a l'hora 18:07:20
L'usuari/a admin@daw.com ha realitzat l'acció INICI el día 06.03.26 a l'hora 18:09:15
L'usuari/a admin@daw.com ha realitzat l'acció ACCES INCORRECTE el día 06.03.26 a l'hora 18:10:36
L'usuari/a admin@daw.com ha realitzat l'acció ACCES INCORRECTE el día 06.03.26 a l'hora 18:11:17
L'usuari/a admin@daw.com ha realitzat l'acció ACCES INCORRECTE el día 06.03.26 a l'hora 18:11:42
L'usuari/a admin@daw.com ha realitzat l'acció ACCES INCORRECTE el día 06.03.26 a l'hora 18:13:27
L'usuari/a admin@daw.com ha realitzat l'acció ACCES INCORRECTE el día 06.03.26 a l'hora 18:13:29
L'usuari/a admin@daw.com ha realitzat l'acció ACCES INCORRECTE el día 06.03.26 a l'hora 18:13:35
L'usuari/a admin@daw.com ha realitzat l'acció ACCES INCORRECTE el día 06.03.26 a l'hora 18:13:36
L'usuari/a admin@daw.com ha realitzat l'acció ACCES INCORRECTE el día 06.03.26 a l'hora 18:14:01
L'usuari/a admin@daw.com ha realitzat l'acció ACCES INCORRECTE el día 06.03.26 a l'hora 18:14:39
L'usuari/a admin@daw.com ha realitzat l'acció ACCES INCORRECTE el día 06.03.26 a l'hora 18:16:26
L'usuari/a admin@daw.com ha realitzat l'acció ACCES INCORRECTE el día 06.03.26 a l'hora 18:28:32
L'usuari/a admin@daw.com ha realitzat l'acció ACCES INCORRECTE el día 06.03.26 a l'hora 18:29:22
L'usuari/a admin@daw.com ha realitzat l'acció ACCES INCORRECTE el día 06.03.26 a l'hora 18:30:16
L'usuari/a admin@daw.com ha realitzat l'acció ACCES INCORRECTE el día 06.03.26 a l'hora 18:31:06
L'usuari/a admin@daw.com ha realitzat l'acció ACCES INCORRECTE el día 06.03.26 a l'hora 18:31:11
L'usuari/a admin@daw.com ha realitzat l'acció ACCES INCORRECTE el día 06.03.26 a l'hora 18:31:42
L'usuari/a admin@daw.com ha realitzat l'acció ACCES INCORRECTE el día 06.03.26 a l'hora 18:31:52
L'usuari/a admin@daw.com ha realitzat l'acció ACCES INCORRECTE el día 06.03.26 a l'hora 18:31:55
L'usuari/a admin@daw.com ha realitzat l'acció ACCES INCORRECTE el día 06.03.26 a l'hora 18:32:03
L'usuari/a admin@daw.com ha realitzat l'acció ACCES INCORRECTE el día 06.03.26 a l'hora 18:32:06
L'usuari/a admin@daw.com ha realitzat l'acció ACCES INCORRECTE el día 06.03.26 a l'hora 18:33:45
L'usuari/a admin@daw.com ha realitzat l'acció ACCES INCORRECTE el día 06.03.26 a l'hora 18:34:50
L'usuari/a admin@daw.com ha realitzat l'acció ACCES INCORRECTE el día 06.03.26 a l'hora 18:34:52
L'usuari/a <em>Valor_Vuit</em> ha realitzat l'acció LOGOUT el día 06.03.26 a l'hora 18:36:59
L'usuari/a  ha realitzat l'acció ACCES INCORRECTE el día 06.03.26 a l'hora 18:36:59
L'usuari/a  ha realitzat l'acció ACCES INCORRECTE el día 06.03.26 a l'hora 19:08:22
L'usuari/a admin@daw.com ha realitzat l'acció LOGIN el día 06.03.26 a l'hora 19:10:50
L'usuari/a admin@daw.com ha realitzat l'acció ACCES INCORRECTE el día 06.03.26 a l'hora 19:10:50
L'usuari/a admin@daw.com ha realitzat l'acció ACCES INCORRECTE el día 06.03.26 a l'hora 19:10:56
L'usuari/a admin@daw.com ha realitzat l'acció  el día 06.03.26 a l'hora 19:13:52
L'usuari/a admin@daw.com ha realitzat l'acció  el día 06.03.26 a l'hora 19:14:51
L'usuari/a admin@daw.com ha realitzat l'acció  el día 06.03.26 a l'hora 19:15:33
L'usuari/a <em>Valor_Vuit</em> ha realitzat l'acció LOGOUT el día 06.03.26 a l'hora 19:15:35
L'usuari/a  ha realitzat l'acció INICI el día 06.03.26 a l'hora 19:15:35
L'usuari/a correu@alumne.com ha realitzat l'acció LOGIN el día 06.03.26 a l'hora 19:16:04
L'usuari/a correu@alumne.com ha realitzat l'acció INICI el día 06.03.26 a l'hora 19:16:04
L'usuari/a <em>Valor_Vuit</em> ha realitzat l'acció LOGOUT el día 06.03.26 a l'hora 19:22:51
L'usuari/a  ha realitzat l'acció INICI el día 06.03.26 a l'hora 19:22:51
L'usuari/a admin@daw.com ha realitzat l'acció LOGIN el día 06.03.26 a l'hora 19:23:07
L'usuari/a admin@daw.com ha realitzat l'acció INICI el día 06.03.26 a l'hora 19:23:07
L'usuari/a admin@daw.com ha realitzat l'acció  el día 06.03.26 a l'hora 19:23:12
L'usuari/a admin@daw.com ha realitzat l'acció  el día 06.03.26 a l'hora 19:25:10
L'usuari/a admin@daw.com ha realitzat l'acció  el día 06.03.26 a l'hora 19:26:01
L'usuari/a admin@daw.com ha realitzat l'acció  el día 06.03.26 a l'hora 19:26:40
L'usuari/a admin@daw.com ha realitzat l'acció  el día 06.03.26 a l'hora 19:26:44
L'usuari/a admin@daw.com ha realitzat l'acció  el día 06.03.26 a l'hora 19:28:33
L'usuari/a admin@daw.com ha realitzat l'acció  el día 06.03.26 a l'hora 19:28:50
L'usuari/a admin@daw.com ha realitzat l'acció  el día 06.03.26 a l'hora 19:28:57
L'usuari/a admin@daw.com ha realitzat l'acció  el día 06.03.26 a l'hora 19:29:54
L'usuari/a <em>Valor_Vuit</em> ha realitzat l'acció LOGOUT el día 06.03.26 a l'hora 19:30:11
L'usuari/a  ha realitzat l'acció INICI el día 06.03.26 a l'hora 19:30:11
L'usuari/a  ha realitzat l'acció REGISTRE el día 06.03.26 a l'hora 19:34:31
L'usuari/a  ha realitzat l'acció INICI el día 06.03.26 a l'hora 19:34:35
L'usuari/a  ha realitzat l'acció INICI el día 06.03.26 a l'hora 20:14:58
L'usuari/a  ha realitzat l'acció CONTACTE el día 06.03.26 a l'hora 20:15:02
L'usuari/a  ha realitzat l'acció REGISTRE el día 06.03.26 a l'hora 20:15:06
L'usuari/a  ha realitzat l'acció APADRINA el día 06.03.26 a l'hora 20:15:11
L'usuari/a  ha realitzat l'acció INICI el día 06.03.26 a l'hora 20:16:13
L'usuari/a  ha realitzat l'acció INICI el día 06.03.26 a l'hora 20:16:19
L'usuari/a  ha realitzat l'acció INICI el día 06.03.26 a l'hora 20:16:50
L'usuari/a  ha realitzat l'acció INICI el día 06.03.26 a l'hora 20:18:02
L'usuari/a  ha realitzat l'acció INICI el día 06.03.26 a l'hora 20:18:12
L'usuari/a  ha realitzat l'acció CONTACTE el día 06.03.26 a l'hora 20:18:33
L'usuari/a Admin@jjdj.es ha realitzat l'acció CONTACTE el día 06.03.26 a l'hora 20:18:49
L'usuari/a  ha realitzat l'acció CONTACTE el día 06.03.26 a l'hora 20:19:49
L'usuari/a Admin@jjdj.es ha realitzat l'acció CONTACTE el día 06.03.26 a l'hora 20:19:57
L'usuari/a  ha realitzat l'acció APADRINA el día 06.03.26 a l'hora 20:20:01
L'usuari/a correu@alumne.com ha realitzat l'acció LOGIN el día 06.03.26 a l'hora 20:22:19
L'usuari/a correu@alumne.com ha realitzat l'acció INICI el día 06.03.26 a l'hora 20:22:19
L'usuari/a correu@alumne.com ha realitzat l'acció CONTACTE el día 06.03.26 a l'hora 20:22:23
L'usuari/a daniel@alumne.com ha realitzat l'acció CONTACTE el día 06.03.26 a l'hora 20:22:43
L'usuari/a daniel@alumne.com ha realitzat l'acció CONTACTE el día 06.03.26 a l'hora 20:23:05
L'usuari/a daniel@alumne.com ha realitzat l'acció CONTACTE el día 06.03.26 a l'hora 20:30:56
L'usuari/a daniel@alumne.com ha realitzat l'acció CONTACTE el día 06.03.26 a l'hora 20:31:48
L'usuari/a correu@alumne.com ha realitzat l'acció INICI el día 06.03.26 a l'hora 20:31:51
L'usuari/a correu@alumne.com ha realitzat l'acció CONTACTE el día 06.03.26 a l'hora 20:31:59
L'usuari/a correu@alumne.com ha realitzat l'acció APADRINA el día 06.03.26 a l'hora 20:32:01
L'usuari/a correu@alumne.com ha realitzat l'acció INICI el día 06.03.26 a l'hora 20:32:02
L'usuari/a <em>Valor_Vuit</em> ha realitzat l'acció LOGOUT el día 06.03.26 a l'hora 20:32:05
L'usuari/a <em>Valor_Vuit</em> ha realitzat l'acció LOGOUT el día 06.03.26 a l'hora 20:32:48
L'usuari/a  ha realitzat l'acció INICI el día 06.03.26 a l'hora 20:32:48
L'usuari/a  ha realitzat l'acció CONTACTE el día 06.03.26 a l'hora 20:32:57
L'usuari/a idisd@kfkeok.es ha realitzat l'acció CONTACTE el día 06.03.26 a l'hora 20:33:07
L'usuari/a idisd@kfkeok.es ha realitzat l'acció CONTACTE el día 06.03.26 a l'hora 20:34:56
L'usuari/a idisd@kfkeok.es ha realitzat l'acció CONTACTE el día 06.03.26 a l'hora 20:38:58
L'usuari/a idisd@kfkeok.es ha realitzat l'acció CONTACTE el día 06.03.26 a l'hora 20:39:40
L'usuari/a idisd@kfkeok.es ha realitzat l'acció CONTACTE el día 06.03.26 a l'hora 20:40:34
L'usuari/a  ha realitzat l'acció REGISTRE el día 06.03.26 a l'hora 20:41:06
L'usuari/a  ha realitzat l'acció INICI el día 06.03.26 a l'hora 20:41:14
L'usuari/a  ha realitzat l'acció INICI el día 06.03.26 a l'hora 20:41:22
L'usuari/a  ha realitzat l'acció INICI el día 06.03.26 a l'hora 20:43:06
L'usuari/a  ha realitzat l'acció CONTACTE el día 06.03.26 a l'hora 20:43:09
L'usuari/a kask@kdosdk.es ha realitzat l'acció CONTACTE el día 06.03.26 a l'hora 20:43:20
L'usuari/a  ha realitzat l'acció APADRINA el día 06.03.26 a l'hora 20:43:31
L'usuari/a  ha realitzat l'acció  el día 16.03.26 a l'hora 15:31:58
L'usuari/a correu@alumne.es ha realitzat l'acció LOGIN el día 16.03.26 a l'hora 15:32:16
L'usuari/a  ha realitzat l'acció INICI el día 16.03.26 a l'hora 15:32:16
L'usuari/a  ha realitzat l'acció CONTACTE el día 16.03.26 a l'hora 15:32:21
L'usuari/a  ha realitzat l'acció REGISTRE el día 16.03.26 a l'hora 15:32:22
L'usuari/a  ha realitzat l'acció APADRINA el día 16.03.26 a l'hora 15:32:23
L'usuari/a  ha realitzat l'acció INICI el día 16.03.26 a l'hora 15:32:25
L'usuari/a correu@alumne.com ha realitzat l'acció LOGIN el día 16.03.26 a l'hora 15:32:46
L'usuari/a correu@alumne.com ha realitzat l'acció INICI el día 16.03.26 a l'hora 15:32:46
L'usuari/a correu@alumne.com ha realitzat l'acció CONTACTE el día 16.03.26 a l'hora 15:32:48
L'usuari/a correu@almne.es ha realitzat l'acció CONTACTE el día 16.03.26 a l'hora 15:33:08
L'usuari/a correu@almne.es ha realitzat l'acció CONTACTE el día 16.03.26 a l'hora 15:33:25
L'usuari/a correu@alumne.com ha realitzat l'acció APADRINA el día 16.03.26 a l'hora 15:33:29
L'usuari/a <em>Valor_Vuit</em> ha realitzat l'acció LOGOUT el día 16.03.26 a l'hora 15:33:38
L'usuari/a  ha realitzat l'acció INICI el día 16.03.26 a l'hora 15:33:38
L'usuari/a admin@daw.com ha realitzat l'acció LOGIN el día 16.03.26 a l'hora 15:33:53
L'usuari/a admin@daw.com ha realitzat l'acció INICI el día 16.03.26 a l'hora 15:33:53
L'usuari/a admin@daw.com ha realitzat l'acció  el día 16.03.26 a l'hora 15:33:58
L'usuari/a admin@daw.com ha realitzat l'acció  el día 16.03.26 a l'hora 15:34:38
L'usuari/a <em>Valor_Vuit</em> ha realitzat l'acció LOGOUT el día 16.03.26 a l'hora 15:34:55
L'usuari/a  ha realitzat l'acció INICI el día 16.03.26 a l'hora 15:34:55
L'usuari/a  ha realitzat l'acció INICI el día 16.03.26 a l'hora 15:35:04
L'usuari/a  ha realitzat l'acció INICI el día 16.03.26 a l'hora 15:35:12
L'usuari/a correu@alumne.com ha realitzat l'acció LOGIN el día 16.03.26 a l'hora 15:41:10
L'usuari/a correu@alumne.com ha realitzat l'acció INICI el día 16.03.26 a l'hora 15:41:10
L'usuari/a correu@alumne.com ha realitzat l'acció CONTACTE el día 16.03.26 a l'hora 15:41:13
L'usuari/a correu@alumne.com ha realitzat l'acció CONTACTE el día 16.03.26 a l'hora 15:41:41
L'usuari/a correu@alumne.com ha realitzat l'acció CONTACTE el día 16.03.26 a l'hora 15:43:18
L'usuari/a correu@alumne.com ha realitzat l'acció APADRINA el día 16.03.26 a l'hora 15:53:29
L'usuari/a <em>Valor_Vuit</em> ha realitzat l'acció LOGOUT el día 16.03.26 a l'hora 15:53:35
L'usuari/a  ha realitzat l'acció INICI el día 16.03.26 a l'hora 15:53:35
L'usuari/a  ha realitzat l'acció APADRINA el día 16.03.26 a l'hora 15:53:37
L'usuari/a  ha realitzat l'acció APADRINA el día 16.03.26 a l'hora 15:53:47
L'usuari/a  ha realitzat l'acció APADRINA el día 16.03.26 a l'hora 16:01:21
L'usuari/a  ha realitzat l'acció APADRINA el día 16.03.26 a l'hora 16:40:05
L'usuari/a  ha realitzat l'acció INICI el día 16.03.26 a l'hora 16:41:56
L'usuari/a  ha realitzat l'acció REGISTRE el día 16.03.26 a l'hora 16:45:33
L'usuari/a saffira@alumne.es ha realitzat l'acció REGISTRA el día 16.03.26 a l'hora 16:46:14
L'usuari/a  ha realitzat l'acció  el día 16.03.26 a l'hora 16:47:11
L'usuari/a  ha realitzat l'acció  el día 16.03.26 a l'hora 16:47:22
L'usuari/a  ha realitzat l'acció  el día 16.03.26 a l'hora 16:49:09
L'usuari/a  ha realitzat l'acció  el día 16.03.26 a l'hora 16:51:09
L'usuari/a  ha realitzat l'acció  el día 16.03.26 a l'hora 16:51:16
L'usuari/a  ha realitzat l'acció  el día 16.03.26 a l'hora 16:52:12
L'usuari/a  ha realitzat l'acció  el día 16.03.26 a l'hora 16:52:16
L'usuari/a  ha realitzat l'acció  el día 16.03.26 a l'hora 16:52:33
L'usuari/a  ha realitzat l'acció  el día 16.03.26 a l'hora 16:53:01
L'usuari/a  ha realitzat l'acció  el día 16.03.26 a l'hora 16:58:43
L'usuari/a  ha realitzat l'acció APADRINA el día 16.03.26 a l'hora 17:29:54
L'usuari/a  ha realitzat l'acció CONTACTE el día 16.03.26 a l'hora 17:30:05
L'usuari/a correu@alumne.com ha realitzat l'acció CONTACTE el día 16.03.26 a l'hora 17:30:53
L'usuari/a correu@alumne.com ha realitzat l'acció CONTACTE el día 16.03.26 a l'hora 17:35:46
L'usuari/a correu@alumne.com ha realitzat l'acció CONTACTE el día 16.03.26 a l'hora 17:36:20
L'usuari/a correu@alumne.com ha realitzat l'acció CONTACTE el día 16.03.26 a l'hora 17:38:35
L'usuari/a correu@alumne.com ha realitzat l'acció CONTACTE el día 16.03.26 a l'hora 17:38:37
L'usuari/a correu@alumne.com ha realitzat l'acció CONTACTE el día 16.03.26 a l'hora 17:38:41
L'usuari/a correu@alumne.com ha realitzat l'acció CONTACTE el día 16.03.26 a l'hora 17:38:51
L'usuari/a correu@alumne.com ha realitzat l'acció CONTACTE el día 16.03.26 a l'hora 17:39:52
L'usuari/a correu@alumne.com ha realitzat l'acció CONTACTE el día 16.03.26 a l'hora 17:42:55
L'usuari/a correu@alumne.com ha realitzat l'acció CONTACTE el día 16.03.26 a l'hora 17:43:27
L'usuari/a correu@alumne.com ha realitzat l'acció CONTACTE el día 16.03.26 a l'hora 17:43:57
L'usuari/a correu@alumne.com ha realitzat l'acció CONTACTE el día 16.03.26 a l'hora 17:45:39
L'usuari/a  ha realitzat l'acció APADRINA el día 19.03.26 a l'hora 22:47:43
L'usuari/a  ha realitzat l'acció REGISTRE el día 19.03.26 a l'hora 22:47:59
L'usuari/a  ha realitzat l'acció REGISTRE el día 19.03.26 a l'hora 22:49:07
L'usuari/a paquita@alumne.es ha realitzat l'acció REGISTRA el día 19.03.26 a l'hora 22:49:41
L'usuari/a  ha realitzat l'acció INICI el día 19.03.26 a l'hora 22:50:23
L'usuari/a  ha realitzat l'acció APADRINA el día 22.03.26 a l'hora 21:08:08
L'usuari/a  ha realitzat l'acció APADRINA el día 22.03.26 a l'hora 21:08:26
L'usuari/a  ha realitzat l'acció INICI el día 22.03.26 a l'hora 21:08:33
L'usuari/a  ha realitzat l'acció INICI el día 22.03.26 a l'hora 21:08:38
L'usuari/a  ha realitzat l'acció  el día 22.03.26 a l'hora 21:08:44
L'usuari/a  ha realitzat l'acció INICI el día 24.03.26 a l'hora 16:45:19
L'usuari/a  ha realitzat l'acció APADRINA el día 24.03.26 a l'hora 16:45:27
L'usuari/a  ha realitzat l'acció APADRINA el día 24.03.26 a l'hora 16:45:31
L'usuari/a  ha realitzat l'acció APADRINA el día 24.03.26 a l'hora 16:45:50
L'usuari/a  ha realitzat l'acció APADRINA el día 24.03.26 a l'hora 16:45:57
L'usuari/a correu@alumne.com ha realitzat l'acció LOGIN el día 24.03.26 a l'hora 16:47:31
L'usuari/a correu@alumne.com ha realitzat l'acció INICI el día 24.03.26 a l'hora 16:47:31
L'usuari/a correu@alumne.com ha realitzat l'acció APADRINA el día 24.03.26 a l'hora 16:47:36
L'usuari/a correu@alumne.com ha realitzat l'acció INICI el día 24.03.26 a l'hora 16:47:41
L'usuari/a correu@alumne.com ha realitzat l'acció APADRINA el día 24.03.26 a l'hora 16:47:45
L'usuari/a correu@alumne.com ha realitzat l'acció APADRINA el día 24.03.26 a l'hora 16:47:58
L'usuari/a <em>Valor_Vuit</em> ha realitzat l'acció LOGOUT el día 24.03.26 a l'hora 16:48:08
L'usuari/a  ha realitzat l'acció INICI el día 24.03.26 a l'hora 16:48:08
L'usuari/a correu@usuari.com ha realitzat l'acció LOGIN el día 24.03.26 a l'hora 16:49:24
L'usuari/a  ha realitzat l'acció INICI el día 24.03.26 a l'hora 16:49:24
L'usuari/a correu@alumne.com ha realitzat l'acció LOGIN el día 24.03.26 a l'hora 16:49:43
L'usuari/a correu@alumne.com ha realitzat l'acció APADRINA el día 24.03.26 a l'hora 16:50:31
L'usuari/a correu@alumne.com ha realitzat l'acció CONTACTE el día 24.03.26 a l'hora 16:50:35
L'usuari/a correu@alumne.com ha realitzat l'acció CONTACTE el día 24.03.26 a l'hora 16:50:54
L'usuari/a correu@alumne.com ha realitzat l'acció CONTACTE el día 24.03.26 a l'hora 16:52:19
L'usuari/a correu@alumne.com ha realitzat l'acció CONTACTE el día 24.03.26 a l'hora 16:53:10
L'usuari/a correu@alumne.com ha realitzat l'acció APADRINA el día 24.03.26 a l'hora 16:53:12
L'usuari/a <em>Valor_Vuit</em> ha realitzat l'acció LOGOUT el día 24.03.26 a l'hora 16:53:18
L'usuari/a  ha realitzat l'acció INICI el día 24.03.26 a l'hora 16:53:18
L'usuari/a admin@daw.com ha realitzat l'acció LOGIN el día 24.03.26 a l'hora 16:53:36
L'usuari/a admin@daw.com ha realitzat l'acció INICI el día 24.03.26 a l'hora 16:53:36
L'usuari/a admin@daw.com ha realitzat l'acció  el día 24.03.26 a l'hora 16:53:39
L'usuari/a admin@daw.com ha realitzat l'acció  el día 24.03.26 a l'hora 16:54:08
L'usuari/a admin@daw.com ha realitzat l'acció  el día 24.03.26 a l'hora 16:54:12
L'usuari/a <em>Valor_Vuit</em> ha realitzat l'acció LOGOUT el día 24.03.26 a l'hora 16:54:19
L'usuari/a  ha realitzat l'acció INICI el día 24.03.26 a l'hora 16:54:19
L'usuari/a  ha realitzat l'acció  el día 25.03.26 a l'hora 16:54:22
L'usuari/a  ha realitzat l'acció APADRINA el día 25.03.26 a l'hora 16:54:34
L'usuari/a  ha realitzat l'acció APADRINA el día 25.03.26 a l'hora 16:54:38
L'usuari/a  ha realitzat l'acció CONTACTE el día 25.03.26 a l'hora 16:54:47
L'usuari/a correu@alumne.com ha realitzat l'acció LOGIN el día 25.03.26 a l'hora 16:55:02
L'usuari/a correu@alumne.com ha realitzat l'acció INICI el día 25.03.26 a l'hora 16:55:02
L'usuari/a correu@alumne.com ha realitzat l'acció APADRINA el día 25.03.26 a l'hora 16:55:30
L'usuari/a correu@alumne.com ha realitzat l'acció APADRINA el día 25.03.26 a l'hora 16:55:34
L'usuari/a correu@alumne.com ha realitzat l'acció CONTACTE el día 25.03.26 a l'hora 16:59:13
L'usuari/a coreeu@alumne.es ha realitzat l'acció CONTACTE el día 25.03.26 a l'hora 16:59:30
L'usuari/a correu@alumne.com ha realitzat l'acció CONTACTE el día 25.03.26 a l'hora 16:59:35
L'usuari/a correu@alumne.es ha realitzat l'acció CONTACTE el día 25.03.26 a l'hora 17:00:10
L'usuari/a  ha realitzat l'acció  el día 26.03.26 a l'hora 21:34:08
L'usuari/a correu@alumne.com ha realitzat l'acció LOGIN el día 26.03.26 a l'hora 21:34:29
L'usuari/a correu@alumne.com ha realitzat l'acció APADRINA el día 26.03.26 a l'hora 21:34:56
L'usuari/a correu@alumne.com ha realitzat l'acció CONTACTE el día 26.03.26 a l'hora 21:35:04
L'usuari/a correu@alumne.com ha realitzat l'acció CONTACTE el día 26.03.26 a l'hora 21:35:30
L'usuari/a correu@alumne.com ha realitzat l'acció CONTACTE el día 26.03.26 a l'hora 21:43:11
L'usuari/a correu@alumne.com ha realitzat l'acció CONTACTE el día 26.03.26 a l'hora 21:43:32
L'usuari/a <em>Valor_Vuit</em> ha realitzat l'acció LOGOUT el día 26.03.26 a l'hora 21:43:42
L'usuari/a  ha realitzat l'acció INICI el día 26.03.26 a l'hora 21:43:42
L'usuari/a  ha realitzat l'acció CONTACTE el día 26.03.26 a l'hora 21:43:48
L'usuari/a correu@al.es ha realitzat l'acció CONTACTE el día 26.03.26 a l'hora 21:44:46
L'usuari/a  ha realitzat l'acció CONTACTE el día 26.03.26 a l'hora 21:49:54
L'usuari/a admin@daw.com ha realitzat l'acció LOGIN el día 26.03.26 a l'hora 21:50:15
L'usuari/a admin@daw.com ha realitzat l'acció INICI el día 26.03.26 a l'hora 21:50:15
L'usuari/a <em>Valor_Vuit</em> ha realitzat l'acció LOGOUT el día 26.03.26 a l'hora 21:50:32
L'usuari/a  ha realitzat l'acció INICI el día 26.03.26 a l'hora 21:50:32
L'usuari/a correu@alumne.com ha realitzat l'acció LOGIN el día 26.03.26 a l'hora 21:52:30
L'usuari/a <em>Valor_Vuit</em> ha realitzat l'acció LOGOUT el día 26.03.26 a l'hora 22:03:07
L'usuari/a  ha realitzat l'acció INICI el día 26.03.26 a l'hora 22:03:07
L'usuari/a  ha realitzat l'acció CONTACTE el día 26.03.26 a l'hora 22:03:09
L'usuari/a jdldj@ijsid.es ha realitzat l'acció CONTACTE el día 26.03.26 a l'hora 22:03:21
L'usuari/a jdldj@ijsid.es ha realitzat l'acció CONTACTE el día 26.03.26 a l'hora 22:04:11
L'usuari/a  ha realitzat l'acció CONTACTE el día 26.03.26 a l'hora 22:06:07
L'usuari/a  ha realitzat l'acció CONTACTE el día 26.03.26 a l'hora 22:07:34
L'usuari/a  ha realitzat l'acció CONTACTE el día 26.03.26 a l'hora 22:07:55
L'usuari/a  ha realitzat l'acció CONTACTE el día 26.03.26 a l'hora 22:08:27
L'usuari/a correu@alumne.es ha realitzat l'acció LOGIN el día 26.03.26 a l'hora 22:08:41
L'usuari/a  ha realitzat l'acció INICI el día 26.03.26 a l'hora 22:08:41
L'usuari/a correu@alumne.com ha realitzat l'acció LOGIN el día 26.03.26 a l'hora 22:08:56
L'usuari/a <em>Valor_Vuit</em> ha realitzat l'acció LOGOUT el día 26.03.26 a l'hora 22:18:06
L'usuari/a  ha realitzat l'acció INICI el día 26.03.26 a l'hora 22:18:06
L'usuari/a  ha realitzat l'acció INICI el día 26.03.26 a l'hora 22:19:05
L'usuari/a  ha realitzat l'acció INICI el día 26.03.26 a l'hora 22:23:53
L'usuari/a  ha realitzat l'acció INICI el día 26.03.26 a l'hora 22:29:10
L'usuari/a correu@alumne.com ha realitzat l'acció LOGIN el día 26.03.26 a l'hora 22:29:24
L'usuari/a <em>Valor_Vuit</em> ha realitzat l'acció LOGOUT el día 26.03.26 a l'hora 22:29:27
L'usuari/a  ha realitzat l'acció INICI el día 26.03.26 a l'hora 22:29:27
L'usuari/a  ha realitzat l'acció CONTACTE el día 26.03.26 a l'hora 22:29:28
L'usuari/a efjkdjsdk@wokwow.es ha realitzat l'acció CONTACTE el día 26.03.26 a l'hora 22:29:49
L'usuari/a correu@alumne.com ha realitzat l'acció LOGIN el día 26.03.26 a l'hora 22:30:17
L'usuari/a <em>Valor_Vuit</em> ha realitzat l'acció LOGOUT el día 26.03.26 a l'hora 22:30:23
L'usuari/a  ha realitzat l'acció INICI el día 26.03.26 a l'hora 22:30:23
L'usuari/a admin@daw.com ha realitzat l'acció LOGIN el día 26.03.26 a l'hora 22:34:32
L'usuari/a admin@daw.com ha realitzat l'acció INICI el día 26.03.26 a l'hora 22:34:32
L'usuari/a <em>Valor_Vuit</em> ha realitzat l'acció LOGOUT el día 26.03.26 a l'hora 22:34:39
L'usuari/a  ha realitzat l'acció INICI el día 26.03.26 a l'hora 22:34:39
L'usuari/a correu@alumne.com ha realitzat l'acció LOGIN el día 26.03.26 a l'hora 22:34:53
L'usuari/a <em>Valor_Vuit</em> ha realitzat l'acció LOGOUT el día 26.03.26 a l'hora 22:34:56
L'usuari/a  ha realitzat l'acció INICI el día 26.03.26 a l'hora 22:34:56
L'usuari/a  ha realitzat l'acció CONTACTE el día 26.03.26 a l'hora 22:34:59
L'usuari/a correu@alumne.es ha realitzat l'acció CONTACTE el día 26.03.26 a l'hora 22:35:16
L'usuari/a correu@alumne.com ha realitzat l'acció LOGIN el día 26.03.26 a l'hora 22:35:37
L'usuari/a <em>Valor_Vuit</em> ha realitzat l'acció LOGOUT el día 26.03.26 a l'hora 22:38:14
L'usuari/a  ha realitzat l'acció INICI el día 26.03.26 a l'hora 22:38:14
L'usuari/a  ha realitzat l'acció  el día 30.03.26 a l'hora 19:45:19
L'usuari/a  ha realitzat l'acció  el día 30.03.26 a l'hora 19:46:26
L'usuari/a  ha realitzat l'acció  el día 30.03.26 a l'hora 19:46:31
L'usuari/a  ha realitzat l'acció CONTACTE el día 30.03.26 a l'hora 19:46:34
L'usuari/a  ha realitzat l'acció CONTACTE el día 30.03.26 a l'hora 19:46:56
L'usuari/a  ha realitzat l'acció INICI el día 30.03.26 a l'hora 19:46:59
L'usuari/a  ha realitzat l'acció APADRINA el día 30.03.26 a l'hora 19:47:23
L'usuari/a  ha realitzat l'acció APADRINA el día 30.03.26 a l'hora 19:49:55
L'usuari/a  ha realitzat l'acció APADRINA el día 30.03.26 a l'hora 19:50:21
L'usuari/a  ha realitzat l'acció APADRINA el día 30.03.26 a l'hora 19:50:26
L'usuari/a  ha realitzat l'acció APADRINA el día 30.03.26 a l'hora 19:50:48
L'usuari/a  ha realitzat l'acció APADRINA el día 30.03.26 a l'hora 19:54:32
L'usuari/a  ha realitzat l'acció APADRINA el día 30.03.26 a l'hora 19:54:40
L'usuari/a  ha realitzat l'acció APADRINA el día 30.03.26 a l'hora 19:54:51
L'usuari/a  ha realitzat l'acció INICI el día 30.03.26 a l'hora 19:54:59
L'usuari/a  ha realitzat l'acció  el día 30.03.26 a l'hora 20:32:38
L'usuari/a  ha realitzat l'acció  el día 06.04.26 a l'hora 14:54:43
L'usuari/a  ha realitzat l'acció APADRINA el día 06.04.26 a l'hora 14:54:52
L'usuari/a  ha realitzat l'acció APADRINA el día 06.04.26 a l'hora 14:55:02
L'usuari/a  ha realitzat l'acció  el día 10.04.26 a l'hora 13:41:33
L'usuari/a  ha realitzat l'acció APADRINA el día 10.04.26 a l'hora 13:42:10
L'usuari/a  ha realitzat l'acció APADRINA el día 10.04.26 a l'hora 13:42:17
L'usuari/a correu@alumne.com ha realitzat l'acció LOGIN el día 10.04.26 a l'hora 13:42:45
L'usuari/a correu@alumne.com ha realitzat l'acció INICI el día 10.04.26 a l'hora 13:42:45
L'usuari/a <em>Valor_Vuit</em> ha realitzat l'acció LOGOUT el día 10.04.26 a l'hora 13:42:55
L'usuari/a  ha realitzat l'acció INICI el día 10.04.26 a l'hora 13:42:55
L'usuari/a  ha realitzat l'acció INICI el día 10.04.26 a l'hora 13:44:51
L'usuari/a  ha realitzat l'acció INICI el día 10.04.26 a l'hora 13:45:17
L'usuari/a  ha realitzat l'acció APADRINA el día 10.04.26 a l'hora 13:45:48
L'usuari/a  ha realitzat l'acció APADRINA el día 10.04.26 a l'hora 13:45:53
L'usuari/a  ha realitzat l'acció INICI el día 10.04.26 a l'hora 13:46:04
L'usuari/a  ha realitzat l'acció INICI el día 10.04.26 a l'hora 13:47:25
L'usuari/a  ha realitzat l'acció CONTACTE el día 10.04.26 a l'hora 13:56:20
L'usuari/a  ha realitzat l'acció REGISTRE el día 10.04.26 a l'hora 13:56:23
L'usuari/a  ha realitzat l'acció APADRINA el día 10.04.26 a l'hora 13:56:26
L'usuari/a  ha realitzat l'acció INICI el día 10.04.26 a l'hora 13:57:09
L'usuari/a  ha realitzat l'acció INICI el día 10.04.26 a l'hora 13:59:40
