1 :: Accés a l'apartat  el día 01.02.26 a l'hora 15:48:55
2 :: Accés a l'apartat INICI el día 01.02.26 a l'hora 15:49:06
3 :: Accés a l'apartat CONTACTE el día 01.02.26 a l'hora 15:49:12
4 :: Accés a l'apartat REGISTRE el día 01.02.26 a l'hora 15:49:13
5 :: Accés a l'apartat APADRINA el día 01.02.26 a l'hora 15:49:14
6 :: Accés a l'apartat INICI el día 01.02.26 a l'hora 15:49:20
7 :: Accés a l'apartat INICI el día 01.02.26 a l'hora 15:49:25
8 :: Accés a l'apartat CONTACTE el día 01.02.26 a l'hora 15:49:26
9 :: Accés a l'apartat CONTACTE el día 01.02.26 a l'hora 15:49:58
10 :: Accés a l'apartat APADRINA el día 01.02.26 a l'hora 15:50:06
11 :: Accés a l'apartat INICI el día 01.02.26 a l'hora 15:50:09
12 :: Accés a l'apartat INICI el día 01.02.26 a l'hora 15:51:58
13 :: Accés a l'apartat INICI el día 01.02.26 a l'hora 15:52:02
14 :: Accés a l'apartat INICI el día 01.02.26 a l'hora 15:52:04
15 :: Accés a l'apartat CONTACTE el día 01.02.26 a l'hora 15:52:06
16 :: Accés a l'apartat REGISTRE el día 01.02.26 a l'hora 15:52:08
17 :: Accés a l'apartat REGISTRE el día 01.02.26 a l'hora 15:52:11
18 :: Accés a l'apartat REGISTRE el día 01.02.26 a l'hora 15:52:18
19 :: Accés a l'apartat APADRINA el día 01.02.26 a l'hora 15:52:19
20 :: Accés a l'apartat INICI el día 01.02.26 a l'hora 15:52:20
21 :: Accés a l'apartat  el día 01.02.26 a l'hora 15:52:46
22 :: Accés a l'apartat  el día 01.02.26 a l'hora 15:54:20
23 :: Accés a l'apartat  el día 01.02.26 a l'hora 15:55:25
24 :: Accés a l'apartat CONTACTE el día 01.02.26 a l'hora 15:55:26
25 :: Accés a l'apartat CONTACTE el día 01.02.26 a l'hora 15:55:29
26 :: Accés a l'apartat  el día 03.02.26 a l'hora 12:25:08
27 :: Accés a l'apartat CONTACTE el día 03.02.26 a l'hora 12:25:15
28 :: Accés a l'apartat CONTACTE el día 03.02.26 a l'hora 12:25:20
29 :: Accés a l'apartat  el día 05.02.26 a l'hora 22:16:34
30 :: Accés a l'apartat  el día 05.02.26 a l'hora 22:18:12
31 :: Accés a l'apartat  el día 05.02.26 a l'hora 22:18:28
32 :: Accés a l'apartat  el día 05.02.26 a l'hora 22:18:43
33 :: Accés a l'apartat  el día 05.02.26 a l'hora 22:20:37
34 :: Accés a l'apartat CONTACTE el día 05.02.26 a l'hora 22:20:41
35 :: Accés a l'apartat REGISTRE el día 05.02.26 a l'hora 22:20:42
36 :: Accés a l'apartat APADRINA el día 05.02.26 a l'hora 22:20:43
37 :: Accés a l'apartat  el día 05.02.26 a l'hora 23:07:03
38 :: Accés a l'apartat CONTACTE el día 05.02.26 a l'hora 23:07:24
39 :: Accés a l'apartat REGISTRE el día 05.02.26 a l'hora 23:10:37
40 :: Accés a l'apartat CONTACTE el día 05.02.26 a l'hora 23:13:21
41 :: Accés a l'apartat REGISTRE el día 05.02.26 a l'hora 23:15:38
42 :: Accés a l'apartat CONTACTE el día 05.02.26 a l'hora 23:22:41
43 :: Accés a l'apartat INICI el día 05.02.26 a l'hora 23:23:58
44 :: Accés a l'apartat INICI el día 05.02.26 a l'hora 23:29:25
45 :: Accés a l'apartat REGISTRE el día 05.02.26 a l'hora 23:30:22
46 :: Accés a l'apartat APADRINA el día 05.02.26 a l'hora 23:30:24
47 :: Accés a l'apartat INICI el día 05.02.26 a l'hora 23:30:28
48 :: Accés a l'apartat  el día 07.02.26 a l'hora 17:39:10
49 :: Accés a l'apartat  el día 07.02.26 a l'hora 17:39:18
50 :: Accés a l'apartat REGISTRE el día 07.02.26 a l'hora 17:39:22
51 :: Accés a l'apartat REGISTRE el día 07.02.26 a l'hora 17:53:44
52 :: Accés a l'apartat REGISTRE el día 07.02.26 a l'hora 17:57:53
53 :: Accés a l'apartat  el día 08.02.26 a l'hora 18:27:10
54 :: Accés a l'apartat CONTACTE el día 08.02.26 a l'hora 18:27:15
55 :: Accés a l'apartat REGISTRE el día 08.02.26 a l'hora 18:27:16
56 :: Accés a l'apartat APADRINA el día 08.02.26 a l'hora 18:27:17
57 :: Accés a l'apartat APADRINA el día 08.02.26 a l'hora 18:36:52
58 :: Accés a l'apartat REGISTRE el día 08.02.26 a l'hora 18:36:54
59 :: Accés a l'apartat REGISTRE el día 08.02.26 a l'hora 18:55:54
60 :: Accés a l'apartat INICI el día 08.02.26 a l'hora 19:04:18
61 :: Accés a l'apartat INICI el día 08.02.26 a l'hora 19:04:22
62 :: Accés a l'apartat INICI el día 08.02.26 a l'hora 19:08:18
63 :: Accés a l'apartat REGISTRE el día 08.02.26 a l'hora 19:08:20
64 :: Accés a l'apartat  el día 08.02.26 a l'hora 19:11:48
65 :: Accés a l'apartat REGISTRE el día 08.02.26 a l'hora 19:11:51
66 :: Accés a l'apartat  el día 08.02.26 a l'hora 19:12:40
67 :: Accés a l'apartat REGISTRE el día 08.02.26 a l'hora 19:12:44
68 :: Accés a l'apartat REGISTRE el día 08.02.26 a l'hora 19:19:05
69 :: Accés a l'apartat  el día 10.02.26 a l'hora 21:47:27
70 :: Accés a l'apartat REGISTRE el día 10.02.26 a l'hora 21:47:33
71 :: Accés a l'apartat REGISTRE el día 10.02.26 a l'hora 21:48:18
72 :: Accés a l'apartat REGISTRE el día 10.02.26 a l'hora 22:11:12
73 :: Accés a l'apartat APARTAT el día 10.02.26 a l'hora 22:11:38
74 :: Accés a l'apartat REGISTRE el día 10.02.26 a l'hora 22:11:52
75 :: Accés a l'apartat REGISTRE el día 10.02.26 a l'hora 22:12:08
76 :: Accés a l'apartat REGISTRE el día 10.02.26 a l'hora 22:15:47
77 :: Accés a l'apartat REGISTRE el día 10.02.26 a l'hora 22:16:19
78 :: Accés a l'apartat REGISTRE el día 10.02.26 a l'hora 22:25:41
79 :: Accés a l'apartat REGISTRE el día 10.02.26 a l'hora 22:26:01
80 :: Accés a l'apartat INICI el día 10.02.26 a l'hora 22:27:43
81 :: Accés a l'apartat INICI el día 10.02.26 a l'hora 22:30:32
82 :: Accés a l'apartat INICI el día 10.02.26 a l'hora 22:30:51
83 :: Accés a l'apartat REGISTRE el día 10.02.26 a l'hora 22:31:12
84 :: Accés a l'apartat REGISTRE el día 10.02.26 a l'hora 22:32:01
85 :: Accés a l'apartat REGISTRE el día 10.02.26 a l'hora 22:33:00
86 :: Accés a l'apartat REGISTRE el día 10.02.26 a l'hora 22:33:01
87 :: Accés a l'apartat REGISTRE el día 10.02.26 a l'hora 22:33:01
88 :: Accés a l'apartat REGISTRE el día 10.02.26 a l'hora 22:33:04
89 :: Accés a l'apartat REGISTRE el día 10.02.26 a l'hora 22:33:32
90 :: Accés a l'apartat REGISTRE el día 10.02.26 a l'hora 22:33:35
91 :: Accés a l'apartat REGISTRE el día 10.02.26 a l'hora 22:33:44
92 :: Accés a l'apartat REGISTRE el día 10.02.26 a l'hora 22:33:48
93 :: Accés a l'apartat INICI el día 10.02.26 a l'hora 22:33:51
94 :: Accés a l'apartat  el día 10.02.26 a l'hora 22:34:08
95 :: Accés a l'apartat  el día 10.02.26 a l'hora 22:34:29
96 :: Accés a l'apartat  el día 10.02.26 a l'hora 22:34:45
97 :: Accés a l'apartat  el día 10.02.26 a l'hora 22:34:59
98 :: Accés a l'apartat  el día 10.02.26 a l'hora 22:35:17
99 :: Accés a l'apartat  el día 10.02.26 a l'hora 22:37:25
100 :: Accés a l'apartat  el día 10.02.26 a l'hora 22:37:47
101 :: Accés a l'apartat  el día 10.02.26 a l'hora 22:41:23
102 :: Accés a l'apartat  el día 10.02.26 a l'hora 22:41:52
103 :: Accés a l'apartat  el día 10.02.26 a l'hora 22:42:06
104 :: Accés a l'apartat  el día 10.02.26 a l'hora 22:42:19
105 :: Accés a l'apartat  el día 10.02.26 a l'hora 22:42:38
106 :: Accés a l'apartat  el día 10.02.26 a l'hora 22:42:39
107 :: Accés a l'apartat  el día 10.02.26 a l'hora 22:42:52
108 :: Accés a l'apartat  el día 10.02.26 a l'hora 22:43:07
109 :: Accés a l'apartat  el día 10.02.26 a l'hora 22:43:57
110 :: Accés a l'apartat  el día 10.02.26 a l'hora 22:44:53
111 :: Accés a l'apartat  el día 10.02.26 a l'hora 22:45:32
112 :: Accés a l'apartat  el día 10.02.26 a l'hora 22:46:41
113 :: Accés a l'apartat  el día 10.02.26 a l'hora 22:49:19
114 :: Accés a l'apartat  el día 10.02.26 a l'hora 22:49:36
115 :: Accés a l'apartat  el día 10.02.26 a l'hora 22:49:37
116 :: Accés a l'apartat  el día 10.02.26 a l'hora 22:49:38
117 :: Accés a l'apartat  el día 10.02.26 a l'hora 22:49:38
118 :: Accés a l'apartat  el día 10.02.26 a l'hora 22:49:47
119 :: Accés a l'apartat  el día 10.02.26 a l'hora 22:51:00
120 :: Accés a l'apartat  el día 10.02.26 a l'hora 22:51:25
121 :: Accés a l'apartat  el día 10.02.26 a l'hora 22:52:06
122 :: Accés a l'apartat  el día 10.02.26 a l'hora 22:53:14
123 :: Accés a l'apartat  el día 10.02.26 a l'hora 22:54:33
124 :: Accés a l'apartat REGISTRE el día 10.02.26 a l'hora 22:54:37
125 :: Accés a l'apartat INICI el día 10.02.26 a l'hora 22:55:16
126 :: Accés a l'apartat INICI el día 10.02.26 a l'hora 22:55:17
127 :: Accés a l'apartat REGISTRA el día 10.02.26 a l'hora 22:55:18
128 :: Accés a l'apartat REGISTRA el día 10.02.26 a l'hora 22:55:20
129 :: Accés a l'apartat REGISTRE el día 10.02.26 a l'hora 22:55:22
130 :: Accés a l'apartat REGISTRE el día 10.02.26 a l'hora 22:55:29
131 :: Accés a l'apartat INICI el día 10.02.26 a l'hora 22:55:30
132 :: Accés a l'apartat REGISTRE el día 10.02.26 a l'hora 22:55:31
133 :: Accés a l'apartat REGISTRE el día 10.02.26 a l'hora 23:01:57
134 :: Accés a l'apartat REGISTRE el día 10.02.26 a l'hora 23:01:58
135 :: Accés a l'apartat REGISTRE el día 10.02.26 a l'hora 23:02:55
136 :: Accés a l'apartat REGISTRE el día 10.02.26 a l'hora 23:03:32
137 :: Accés a l'apartat REGISTRE el día 10.02.26 a l'hora 23:04:34
138 :: Accés a l'apartat REGISTRE el día 10.02.26 a l'hora 23:06:35
139 :: Accés a l'apartat INICI el día 10.02.26 a l'hora 23:06:36
140 :: Accés a l'apartat INICI el día 10.02.26 a l'hora 23:06:43
141 :: Accés a l'apartat REGISTRE el día 10.02.26 a l'hora 23:06:51
142 :: Accés a l'apartat REGISTRE el día 10.02.26 a l'hora 23:07:51
143 :: Accés a l'apartat REGISTRE el día 10.02.26 a l'hora 23:08:20
144 :: Accés a l'apartat REGISTRE el día 10.02.26 a l'hora 23:08:45
145 :: Accés a l'apartat REGISTRE el día 10.02.26 a l'hora 23:09:52
146 :: Accés a l'apartat INICI el día 10.02.26 a l'hora 23:09:53
147 :: Accés a l'apartat INICI el día 10.02.26 a l'hora 23:09:58
148 :: Accés a l'apartat REGISTRE el día 13.02.26 a l'hora 23:45:04
149 :: Accés a l'apartat REGISTRE el día 13.02.26 a l'hora 23:45:35
150 :: Accés a l'apartat REGISTRE el día 13.02.26 a l'hora 23:45:59
151 :: Accés a l'apartat REGISTRE el día 13.02.26 a l'hora 23:46:32
152 :: Accés a l'apartat REGISTRE el día 13.02.26 a l'hora 23:47:28
153 :: Accés a l'apartat REGISTRE el día 13.02.26 a l'hora 23:47:37
154 :: Accés a l'apartat INICI el día 13.02.26 a l'hora 23:47:39
155 :: Accés a l'apartat INICI el día 13.02.26 a l'hora 23:47:43
156 :: Accés a l'apartat INICI el día 13.02.26 a l'hora 23:47:51
157 :: Accés a l'apartat INICI el día 13.02.26 a l'hora 23:47:56
158 :: Accés a l'apartat  el día 13.02.26 a l'hora 23:49:43
159 :: Accés a l'apartat REGISTRE el día 13.02.26 a l'hora 23:49:52
160 :: Accés a l'apartat  el día 13.02.26 a l'hora 23:50:54
161 :: Accés a l'apartat REGISTRE el día 13.02.26 a l'hora 23:50:56
162 :: Accés a l'apartat REGISTRE el día 13.02.26 a l'hora 23:56:50
163 :: Accés a l'apartat CONTACTE el día 14.02.26 a l'hora 00:02:46
164 :: Accés a l'apartat INICI el día 14.02.26 a l'hora 00:10:01
165 :: Accés a l'apartat REGISTRE el día 14.02.26 a l'hora 00:10:09
166 :: Accés a l'apartat INICI el día 14.02.26 a l'hora 00:12:47
167 :: Accés a l'apartat  el día 14.02.26 a l'hora 16:19:22
168 :: Accés a l'apartat CONTACTE el día 14.02.26 a l'hora 16:19:35
169 :: Accés a l'apartat REGISTRE el día 14.02.26 a l'hora 16:19:36
170 :: Accés a l'apartat APADRINA el día 14.02.26 a l'hora 16:19:38
171 :: Accés a l'apartat REGISTRE el día 14.02.26 a l'hora 16:19:42
172 :: Accés a l'apartat CONTACTE el día 14.02.26 a l'hora 16:19:43
173 :: Accés a l'apartat REGISTRE el día 14.02.26 a l'hora 16:19:48
174 :: Accés a l'apartat  el día 14.02.26 a l'hora 17:49:06
175 :: Accés a l'apartat REGISTRE el día 14.02.26 a l'hora 17:49:09
176 :: Accés a l'apartat  el día 14.02.26 a l'hora 18:35:00
177 :: Accés a l'apartat  el día 14.02.26 a l'hora 18:35:44
178 :: Accés a l'apartat  el día 14.02.26 a l'hora 18:39:14
179 :: Accés a l'apartat  el día 14.02.26 a l'hora 18:40:38
180 :: Accés a l'apartat REGISTRE el día 14.02.26 a l'hora 18:40:41
181 :: Accés a l'apartat INICI el día 14.02.26 a l'hora 18:40:49
182 :: Accés a l'apartat INICI el día 14.02.26 a l'hora 18:41:16
183 :: Accés a l'apartat REGISTRE el día 14.02.26 a l'hora 18:42:28
184 :: Accés a l'apartat INICI el día 14.02.26 a l'hora 18:42:39
185 :: Accés a l'apartat INICI el día 14.02.26 a l'hora 18:43:09
186 :: Accés a l'apartat INICI el día 14.02.26 a l'hora 18:43:48
187 :: Accés a l'apartat REGISTRE el día 14.02.26 a l'hora 18:43:52
188 :: Accés a l'apartat INICI el día 14.02.26 a l'hora 18:43:55
189 :: Accés a l'apartat INICI el día 14.02.26 a l'hora 18:45:23
190 :: Accés a l'apartat INICI el día 14.02.26 a l'hora 18:45:41
191 :: Accés a l'apartat INICI el día 14.02.26 a l'hora 18:45:46
192 :: Accés a l'apartat INICI el día 14.02.26 a l'hora 18:46:55
193 :: Accés a l'apartat INICI el día 14.02.26 a l'hora 18:48:08
194 :: Accés a l'apartat  el día 14.02.26 a l'hora 18:49:00
195 :: Accés a l'apartat  el día 14.02.26 a l'hora 18:53:50
196 :: Accés a l'apartat  el día 14.02.26 a l'hora 18:54:05
197 :: Accés a l'apartat  el día 14.02.26 a l'hora 18:54:20
198 :: Accés a l'apartat  el día 14.02.26 a l'hora 18:56:31
199 :: Accés a l'apartat  el día 14.02.26 a l'hora 18:56:35
200 :: Accés a l'apartat  el día 14.02.26 a l'hora 18:56:49
201 :: Accés a l'apartat APADRINA el día 14.02.26 a l'hora 18:57:03
202 :: Accés a l'apartat APADRINA el día 14.02.26 a l'hora 18:57:13
203 :: Accés a l'apartat APADRINA el día 14.02.26 a l'hora 18:57:20
204 :: Accés a l'apartat APADRINA el día 14.02.26 a l'hora 18:57:27
205 :: Accés a l'apartat APADRINA el día 14.02.26 a l'hora 18:57:36
206 :: Accés a l'apartat APADRINA el día 14.02.26 a l'hora 18:57:42
207 :: Accés a l'apartat  el día 15.02.26 a l'hora 22:55:27
208 :: Accés a l'apartat REGISTRE el día 15.02.26 a l'hora 23:21:41
209 :: Accés a l'apartat REGISTRE el día 15.02.26 a l'hora 23:21:41
210 :: Accés a l'apartat CONTACTE el día 15.02.26 a l'hora 23:23:08
211 :: Accés a l'apartat  el día 16.02.26 a l'hora 08:53:42
212 :: Accés a l'apartat REGISTRE el día 16.02.26 a l'hora 08:53:46
213 :: Accés a l'apartat REGISTRE el día 16.02.26 a l'hora 08:54:29
214 :: Accés a l'apartat  el día 16.02.26 a l'hora 17:44:10
215 :: Accés a l'apartat REGISTRE el día 16.02.26 a l'hora 17:44:14
216 :: Accés a l'apartat REGISTRE el día 16.02.26 a l'hora 17:46:58
217 :: Accés a l'apartat REGISTRE el día 16.02.26 a l'hora 17:54:39
218 :: Accés a l'apartat REGISTRE el día 16.02.26 a l'hora 18:04:25
219 :: Accés a l'apartat REGISTRE el día 16.02.26 a l'hora 18:05:31
220 :: Accés a l'apartat REGISTRE el día 16.02.26 a l'hora 18:07:07
221 :: Accés a l'apartat REGISTRE el día 16.02.26 a l'hora 18:08:53
222 :: Accés a l'apartat REGISTRE el día 16.02.26 a l'hora 18:11:43
223 :: Accés a l'apartat REGISTRE el día 16.02.26 a l'hora 18:14:02
224 :: Accés a l'apartat REGISTRE el día 16.02.26 a l'hora 18:18:21
225 :: Accés a l'apartat REGISTRE el día 16.02.26 a l'hora 18:20:52
226 :: Accés a l'apartat REGISTRE el día 16.02.26 a l'hora 18:22:20
227 :: Accés a l'apartat REGISTRE el día 16.02.26 a l'hora 18:22:24
228 :: Accés a l'apartat REGISTRE el día 16.02.26 a l'hora 18:24:17
229 :: Accés a l'apartat REGISTRE el día 16.02.26 a l'hora 18:24:54
230 :: Accés a l'apartat REGISTRE el día 16.02.26 a l'hora 18:29:41
231 :: Accés a l'apartat REGISTRE el día 16.02.26 a l'hora 18:29:42
232 :: Accés a l'apartat REGISTRE el día 16.02.26 a l'hora 18:29:42
233 :: Accés a l'apartat REGISTRE el día 16.02.26 a l'hora 18:29:46
234 :: Accés a l'apartat REGISTRE el día 16.02.26 a l'hora 18:30:26
235 :: Accés a l'apartat REGISTRE el día 16.02.26 a l'hora 18:34:49
236 :: Accés a l'apartat INICI el día 16.02.26 a l'hora 18:57:11
237 :: Accés a l'apartat REGISTRE el día 16.02.26 a l'hora 18:57:13
238 :: Accés a l'apartat REGISTRE el día 16.02.26 a l'hora 18:57:40
239 :: Accés a l'apartat REGISTRE el día 16.02.26 a l'hora 18:59:12
240 :: Accés a l'apartat REGISTRE el día 16.02.26 a l'hora 19:00:32
241 :: Accés a l'apartat REGISTRE el día 16.02.26 a l'hora 19:01:12
242 :: Accés a l'apartat REGISTRE el día 16.02.26 a l'hora 19:01:18
243 :: Accés a l'apartat REGISTRE el día 16.02.26 a l'hora 19:15:28
244 :: Accés a l'apartat REGISTRE el día 16.02.26 a l'hora 19:16:21
245 :: Accés a l'apartat REGISTRE el día 16.02.26 a l'hora 19:20:22
246 :: Accés a l'apartat REGISTRE el día 16.02.26 a l'hora 19:20:25
247 :: Accés a l'apartat REGISTRE el día 16.02.26 a l'hora 19:21:00
248 :: Accés a l'apartat REGISTRE el día 16.02.26 a l'hora 19:31:59
249 :: Accés a l'apartat REGISTRE el día 16.02.26 a l'hora 19:53:19
250 :: Accés a l'apartat INICI el día 16.02.26 a l'hora 20:00:05
251 :: Accés a l'apartat  el día 18.02.26 a l'hora 12:05:20
252 :: Accés a l'apartat  el día 18.02.26 a l'hora 12:08:59
253 :: Accés a l'apartat  el día 18.02.26 a l'hora 12:14:26
254 :: Accés a l'apartat  el día 18.02.26 a l'hora 15:02:55
255 :: Accés a l'apartat  el día 18.02.26 a l'hora 15:16:39
256 :: Accés a l'apartat  el día 18.02.26 a l'hora 16:41:01
257 :: Accés a l'apartat  el día 18.02.26 a l'hora 16:41:48
258 :: Accés a l'apartat  el día 18.02.26 a l'hora 20:15:46
259 :: Accés a l'apartat REGISTRE el día 18.02.26 a l'hora 20:15:50
260 :: Accés a l'apartat REGISTRE el día 18.02.26 a l'hora 20:17:41
261 :: Accés a l'apartat REGISTRE el día 18.02.26 a l'hora 20:22:57
262 :: Accés a l'apartat REGISTRE el día 18.02.26 a l'hora 20:24:51
263 :: Accés a l'apartat REGISTRE el día 18.02.26 a l'hora 20:25:27
264 :: Accés a l'apartat REGISTRE el día 18.02.26 a l'hora 20:35:55
265 :: Accés a l'apartat REGISTRE el día 18.02.26 a l'hora 20:36:51
266 :: Accés a l'apartat REGISTRE el día 18.02.26 a l'hora 20:37:47
267 :: Accés a l'apartat REGISTRE el día 18.02.26 a l'hora 20:40:14
268 :: Accés a l'apartat REGISTRE el día 18.02.26 a l'hora 21:09:16
269 :: Accés a l'apartat REGISTRE el día 18.02.26 a l'hora 21:17:00
270 :: Accés a l'apartat  el día 18.02.26 a l'hora 21:18:48
271 :: Accés a l'apartat  el día 18.02.26 a l'hora 21:18:59
272 :: Accés a l'apartat  el día 18.02.26 a l'hora 21:19:12
273 :: Accés a l'apartat  el día 18.02.26 a l'hora 21:20:34
274 :: Accés a l'apartat  el día 18.02.26 a l'hora 21:22:00
275 :: Accés a l'apartat  el día 18.02.26 a l'hora 21:22:40
276 :: Accés a l'apartat  el día 18.02.26 a l'hora 21:23:06
277 :: Accés a l'apartat REGISTRE el día 18.02.26 a l'hora 21:23:25
278 :: Accés a l'apartat REGISTRE el día 18.02.26 a l'hora 21:23:26
279 :: Accés a l'apartat REGISTRE el día 18.02.26 a l'hora 21:24:33
280 :: Accés a l'apartat REGISTRE el día 18.02.26 a l'hora 21:25:09
281 :: Accés a l'apartat CONTACTE el día 18.02.26 a l'hora 21:27:56
282 :: Accés a l'apartat REGISTRE el día 18.02.26 a l'hora 21:30:00
283 :: Accés a l'apartat REGISTRE el día 18.02.26 a l'hora 21:34:28
284 :: Accés a l'apartat REGISTRE el día 18.02.26 a l'hora 21:38:10
285 :: Accés a l'apartat REGISTRE el día 18.02.26 a l'hora 22:02:00
286 :: Accés a l'apartat REGISTRE el día 18.02.26 a l'hora 22:03:02
287 :: Accés a l'apartat REGISTRE el día 18.02.26 a l'hora 22:03:59
288 :: Accés a l'apartat INICI el día 18.02.26 a l'hora 22:18:53
289 :: Accés a l'apartat REGISTRE el día 18.02.26 a l'hora 22:23:01
290 :: Accés a l'apartat REGISTRE el día 18.02.26 a l'hora 22:24:25
291 :: Accés a l'apartat REGISTRE el día 18.02.26 a l'hora 22:29:51
292 :: Accés a l'apartat REGISTRE el día 18.02.26 a l'hora 22:36:27
293 :: Accés a l'apartat REGISTRE el día 18.02.26 a l'hora 22:40:28
294 :: Accés a l'apartat REGISTRE el día 18.02.26 a l'hora 22:43:44
295 :: Accés a l'apartat REGISTRE el día 18.02.26 a l'hora 22:44:35
296 :: Accés a l'apartat REGISTRE el día 18.02.26 a l'hora 22:44:37
297 :: Accés a l'apartat CONTACTE el día 18.02.26 a l'hora 23:27:22
298 :: Accés a l'apartat REGISTRE el día 18.02.26 a l'hora 23:28:10
299 :: Accés a l'apartat REGISTRE el día 18.02.26 a l'hora 23:37:43
300 :: Accés a l'apartat REGISTRE el día 18.02.26 a l'hora 23:37:59
301 :: Accés a l'apartat  el día 19.02.26 a l'hora 22:07:01
302 :: Accés a l'apartat  el día 20.02.26 a l'hora 09:56:05
303 :: Accés a l'apartat  el día 21.02.26 a l'hora 17:19:36
304 :: Accés a l'apartat  el día 21.02.26 a l'hora 18:05:55
305 :: Accés a l'apartat  el día 21.02.26 a l'hora 18:11:57
306 :: Accés a l'apartat INICI el día 21.02.26 a l'hora 18:13:30
307 :: Accés a l'apartat INICI el día 21.02.26 a l'hora 18:15:14
308 :: Accés a l'apartat INICI el día 21.02.26 a l'hora 18:19:12
309 :: Accés a l'apartat INICI el día 21.02.26 a l'hora 18:20:03
310 :: Accés a l'apartat INICI el día 21.02.26 a l'hora 18:21:39
311 :: Accés a l'apartat INICI el día 21.02.26 a l'hora 18:22:38
312 :: Accés a l'apartat INICI el día 21.02.26 a l'hora 18:24:33
313 :: Accés a l'apartat INICI el día 21.02.26 a l'hora 18:25:41
314 :: Accés a l'apartat INICI el día 21.02.26 a l'hora 18:25:58
315 :: Accés a l'apartat INICI el día 21.02.26 a l'hora 18:25:59
316 :: Accés a l'apartat INICI el día 21.02.26 a l'hora 18:26:19
317 :: Accés a l'apartat INICI el día 21.02.26 a l'hora 18:26:36
318 :: Accés a l'apartat INICI el día 21.02.26 a l'hora 18:27:06
319 :: Accés a l'apartat INICI el día 21.02.26 a l'hora 18:27:21
320 :: Accés a l'apartat INICI el día 21.02.26 a l'hora 18:27:39
321 :: Accés a l'apartat INICI el día 21.02.26 a l'hora 18:27:57
322 :: Accés a l'apartat INICI el día 21.02.26 a l'hora 18:29:24
323 :: Accés a l'apartat INICI el día 21.02.26 a l'hora 18:51:21
324 :: Accés a l'apartat  el día 21.02.26 a l'hora 18:51:34
325 :: Accés a l'apartat  el día 21.02.26 a l'hora 19:18:37
326 :: Accés a l'apartat  el día 21.02.26 a l'hora 19:20:33
327 :: Accés a l'apartat INICI el día 21.02.26 a l'hora 19:20:49
328 :: Accés a l'apartat INICI el día 21.02.26 a l'hora 19:21:09
329 :: Accés a l'apartat  el día 21.02.26 a l'hora 19:21:23
330 :: Accés a l'apartat  el día 21.02.26 a l'hora 19:21:33
331 :: Accés a l'apartat INICI el día 21.02.26 a l'hora 19:24:37
332 :: Accés a l'apartat INICI el día 21.02.26 a l'hora 19:24:51
333 :: Accés a l'apartat INICI el día 21.02.26 a l'hora 19:25:09
334 :: Accés a l'apartat  el día 21.02.26 a l'hora 19:28:10
335 :: Accés a l'apartat INICI el día 21.02.26 a l'hora 19:28:50
336 :: Accés a l'apartat  el día 21.02.26 a l'hora 19:29:38
337 :: Accés a l'apartat  el día 21.02.26 a l'hora 19:30:00
338 :: Accés a l'apartat  el día 21.02.26 a l'hora 19:30:43
339 :: Accés a l'apartat  el día 21.02.26 a l'hora 19:34:08
340 :: Accés a l'apartat  el día 21.02.26 a l'hora 19:34:10
341 :: Accés a l'apartat  el día 21.02.26 a l'hora 19:34:39
342 :: Accés a l'apartat  el día 21.02.26 a l'hora 19:34:57
343 :: Accés a l'apartat  el día 21.02.26 a l'hora 19:35:07
344 :: Accés a l'apartat  el día 21.02.26 a l'hora 19:39:32
345 :: Accés a l'apartat  el día 23.02.26 a l'hora 20:13:58
346 :: Accés a l'apartat  el día 23.02.26 a l'hora 20:31:16
347 :: Accés a l'apartat  el día 23.02.26 a l'hora 20:36:43
348 :: Accés a l'apartat  el día 23.02.26 a l'hora 20:36:45
349 :: Accés a l'apartat INICI el día 23.02.26 a l'hora 20:36:51
350 :: Accés a l'apartat INICI el día 23.02.26 a l'hora 20:36:53
351 :: Accés a l'apartat CONTACTE el día 23.02.26 a l'hora 20:37:00
352 :: Accés a l'apartat INICI el día 23.02.26 a l'hora 20:37:02
353 :: Accés a l'apartat  el día 23.02.26 a l'hora 20:37:11
354 :: Accés a l'apartat  el día 23.02.26 a l'hora 20:37:20
355 :: Accés a l'apartat  el día 23.02.26 a l'hora 20:37:37
356 :: Accés a l'apartat  el día 23.02.26 a l'hora 20:37:58
357 :: Accés a l'apartat  el día 23.02.26 a l'hora 20:38:19
358 :: Accés a l'apartat  el día 23.02.26 a l'hora 20:38:22
359 :: Accés a l'apartat  el día 23.02.26 a l'hora 20:38:36
360 :: Accés a l'apartat INICI el día 23.02.26 a l'hora 20:38:52
361 :: Accés a l'apartat INICI el día 23.02.26 a l'hora 20:40:23
362 :: Accés a l'apartat INICI el día 23.02.26 a l'hora 20:40:35
363 :: Accés a l'apartat INICI el día 23.02.26 a l'hora 20:40:50
364 :: Accés a l'apartat INICI el día 23.02.26 a l'hora 20:41:27
365 :: Accés a l'apartat INICI el día 23.02.26 a l'hora 20:54:39
366 :: Accés a l'apartat INICI el día 23.02.26 a l'hora 20:55:10
367 :: Accés a l'apartat INICI el día 23.02.26 a l'hora 20:55:12
368 :: Accés a l'apartat INICI el día 23.02.26 a l'hora 20:55:14
369 :: Accés a l'apartat INICI el día 23.02.26 a l'hora 20:55:15
370 :: Accés a l'apartat INICI el día 23.02.26 a l'hora 20:55:25
371 :: Accés a l'apartat INICI el día 23.02.26 a l'hora 20:55:31
372 :: Accés a l'apartat INICI el día 23.02.26 a l'hora 20:57:09
373 :: Accés a l'apartat APADRINA el día 23.02.26 a l'hora 20:57:19
374 :: Accés a l'apartat INICI el día 23.02.26 a l'hora 20:57:21
375 :: Accés a l'apartat INICI el día 23.02.26 a l'hora 21:02:44
376 :: Accés a l'apartat INICI el día 23.02.26 a l'hora 21:03:04
377 :: Accés a l'apartat APADRINA el día 23.02.26 a l'hora 21:03:08
378 :: Accés a l'apartat REGISTRE el día 23.02.26 a l'hora 21:03:09
379 :: Accés a l'apartat CONTACTE el día 23.02.26 a l'hora 21:03:11
380 :: Accés a l'apartat INICI el día 23.02.26 a l'hora 21:34:07
381 :: Accés a l'apartat INICI el día 23.02.26 a l'hora 21:35:50
382 :: Accés a l'apartat INICI el día 23.02.26 a l'hora 21:37:39
383 :: Accés a l'apartat INICI el día 23.02.26 a l'hora 21:39:28
384 :: Accés a l'apartat INICI el día 23.02.26 a l'hora 21:39:29
385 :: Accés a l'apartat  el día 23.02.26 a l'hora 21:39:45
386 :: Accés a l'apartat  el día 23.02.26 a l'hora 21:42:17
387 :: Accés a l'apartat  el día 23.02.26 a l'hora 21:42:44
388 :: Accés a l'apartat  el día 23.02.26 a l'hora 21:45:13
389 :: Accés a l'apartat CONTACTE el día 23.02.26 a l'hora 21:45:38
390 :: Accés a l'apartat REGISTRE el día 23.02.26 a l'hora 21:45:40
391 :: Accés a l'apartat APADRINA el día 23.02.26 a l'hora 21:45:41
392 :: Accés a l'apartat INICI el día 23.02.26 a l'hora 21:45:44
393 :: Accés a l'apartat CONTACTE el día 23.02.26 a l'hora 21:47:25
394 :: Accés a l'apartat INICI el día 23.02.26 a l'hora 21:47:51
395 :: Accés a l'apartat INICI el día 23.02.26 a l'hora 21:53:14
396 :: Accés a l'apartat INICI el día 23.02.26 a l'hora 21:53:16
397 :: Accés a l'apartat INICI el día 23.02.26 a l'hora 21:54:11
398 :: Accés a l'apartat INICI el día 23.02.26 a l'hora 21:54:13
399 :: Accés a l'apartat INICI el día 23.02.26 a l'hora 21:54:14
400 :: Accés a l'apartat INICI el día 23.02.26 a l'hora 21:54:15
401 :: Accés a l'apartat INICI el día 23.02.26 a l'hora 21:54:17
402 :: Accés a l'apartat  el día 23.02.26 a l'hora 21:55:03
403 :: Accés a l'apartat INICI el día 23.02.26 a l'hora 21:55:05
404 :: Accés a l'apartat INICI el día 23.02.26 a l'hora 21:56:19
405 :: Accés a l'apartat INICI el día 23.02.26 a l'hora 21:56:21
406 :: Accés a l'apartat INICI el día 23.02.26 a l'hora 21:56:23
407 :: Accés a l'apartat INICI el día 23.02.26 a l'hora 21:59:05
408 :: Accés a l'apartat INICI el día 23.02.26 a l'hora 21:59:13
409 :: Accés a l'apartat INICI el día 23.02.26 a l'hora 21:59:32
410 :: Accés a l'apartat  el día 23.02.26 a l'hora 22:01:44
411 :: Accés a l'apartat  el día 23.02.26 a l'hora 22:01:46
412 :: Accés a l'apartat  el día 23.02.26 a l'hora 22:01:47
413 :: Accés a l'apartat  el día 23.02.26 a l'hora 22:01:47
414 :: Accés a l'apartat  el día 23.02.26 a l'hora 22:01:47
415 :: Accés a l'apartat  el día 23.02.26 a l'hora 22:02:01
416 :: Accés a l'apartat INICI el día 23.02.26 a l'hora 22:02:22
417 :: Accés a l'apartat INICI el día 23.02.26 a l'hora 22:02:24
418 :: Accés a l'apartat INICI el día 23.02.26 a l'hora 22:03:23
419 :: Accés a l'apartat INICI el día 23.02.26 a l'hora 22:03:25
420 :: Accés a l'apartat INICI el día 24.02.26 a l'hora 21:34:48
421 :: Accés a l'apartat INICI el día 24.02.26 a l'hora 21:35:13
422 :: Accés a l'apartat INICI el día 24.02.26 a l'hora 21:35:16
423 :: Accés a l'apartat INICI el día 24.02.26 a l'hora 21:35:23
424 :: Accés a l'apartat INICI el día 24.02.26 a l'hora 21:37:02
425 :: Accés a l'apartat INICI el día 24.02.26 a l'hora 21:37:04
426 :: Accés a l'apartat INICI el día 24.02.26 a l'hora 21:38:30
427 :: Accés a l'apartat INICI el día 24.02.26 a l'hora 21:38:33
428 :: Accés a l'apartat INICI el día 24.02.26 a l'hora 21:40:06
429 :: Accés a l'apartat INICI el día 24.02.26 a l'hora 21:40:09
430 :: Accés a l'apartat  el día 24.02.26 a l'hora 21:40:35
431 :: Accés a l'apartat INICI el día 24.02.26 a l'hora 21:40:59
432 :: Accés a l'apartat INICI el día 24.02.26 a l'hora 21:41:05
433 :: Accés a l'apartat INICI el día 24.02.26 a l'hora 21:41:14
434 :: Accés a l'apartat INICI el día 24.02.26 a l'hora 21:41:28
435 :: Accés a l'apartat INICI el día 24.02.26 a l'hora 21:41:33
436 :: Accés a l'apartat INICI el día 24.02.26 a l'hora 21:41:46
437 :: Accés a l'apartat INICI el día 24.02.26 a l'hora 21:41:50
438 :: Accés a l'apartat INICI el día 24.02.26 a l'hora 21:43:57
439 :: Accés a l'apartat INICI el día 24.02.26 a l'hora 21:44:00
440 :: Accés a l'apartat INICI el día 24.02.26 a l'hora 21:46:40
441 :: Accés a l'apartat INICI el día 24.02.26 a l'hora 21:47:26
442 :: Accés a l'apartat INICI el día 24.02.26 a l'hora 21:47:41
443 :: Accés a l'apartat INICI el día 24.02.26 a l'hora 21:47:44
444 :: Accés a l'apartat INICI el día 24.02.26 a l'hora 21:48:04
445 :: Accés a l'apartat INICI el día 24.02.26 a l'hora 21:49:32
446 :: Accés a l'apartat INICI el día 24.02.26 a l'hora 21:52:07
447 :: Accés a l'apartat INICI el día 24.02.26 a l'hora 21:52:14
448 :: Accés a l'apartat CONTACTE el día 24.02.26 a l'hora 21:52:15
449 :: Accés a l'apartat REGISTRE el día 24.02.26 a l'hora 21:52:18
450 :: Accés a l'apartat APADRINA el día 24.02.26 a l'hora 21:52:19
451 :: Accés a l'apartat INICI el día 24.02.26 a l'hora 21:52:21
452 :: Accés a l'apartat INICI el día 24.02.26 a l'hora 21:52:29
453 :: Accés a l'apartat INICI el día 24.02.26 a l'hora 21:52:42
454 :: Accés a l'apartat INICI el día 24.02.26 a l'hora 21:52:45
455 :: Accés a l'apartat INICI el día 24.02.26 a l'hora 21:54:27
456 :: Accés a l'apartat  el día 24.02.26 a l'hora 21:54:44
457 :: Accés a l'apartat INICI el día 24.02.26 a l'hora 21:55:31
458 :: Accés a l'apartat INICI el día 24.02.26 a l'hora 21:55:33
459 :: Accés a l'apartat  el día 24.02.26 a l'hora 21:56:34
460 :: Accés a l'apartat INICI el día 24.02.26 a l'hora 21:56:46
461 :: Accés a l'apartat INICI el día 24.02.26 a l'hora 21:56:51
462 :: Accés a l'apartat REGISTRE el día 24.02.26 a l'hora 21:56:55
463 :: Accés a l'apartat REGISTRE el día 24.02.26 a l'hora 21:57:19
464 :: Accés a l'apartat INICI el día 24.02.26 a l'hora 21:58:42
465 :: Accés a l'apartat INICI el día 24.02.26 a l'hora 22:05:31
466 :: Accés a l'apartat INICI el día 24.02.26 a l'hora 22:05:44
467 :: Accés a l'apartat INICI el día 24.02.26 a l'hora 22:05:49
468 :: Accés a l'apartat INICI el día 24.02.26 a l'hora 22:10:52
469 :: Accés a l'apartat INICI el día 24.02.26 a l'hora 22:10:56
470 :: Accés a l'apartat INICI el día 24.02.26 a l'hora 22:11:14
471 :: Accés a l'apartat INICI el día 24.02.26 a l'hora 22:11:16
472 :: Accés a l'apartat INICI el día 24.02.26 a l'hora 22:11:42
473 :: Accés a l'apartat INICI el día 24.02.26 a l'hora 22:11:49
474 :: Accés a l'apartat INICI el día 24.02.26 a l'hora 22:12:08
475 :: Accés a l'apartat INICI el día 24.02.26 a l'hora 22:12:15
476 :: Accés a l'apartat INICI el día 24.02.26 a l'hora 22:12:17
477 :: Accés a l'apartat INICI el día 24.02.26 a l'hora 22:12:17
478 :: Accés a l'apartat INICI el día 24.02.26 a l'hora 22:12:26
479 :: Accés a l'apartat INICI el día 24.02.26 a l'hora 22:12:27
480 :: Accés a l'apartat INICI el día 24.02.26 a l'hora 22:13:25
481 :: Accés a l'apartat INICI el día 24.02.26 a l'hora 22:13:44
482 :: Accés a l'apartat INICI el día 24.02.26 a l'hora 22:13:47
483 :: Accés a l'apartat  el día 24.02.26 a l'hora 23:02:02
484 :: Accés a l'apartat INICI el día 24.02.26 a l'hora 23:02:46
485 :: Accés a l'apartat INICI el día 24.02.26 a l'hora 23:02:49
486 :: Accés a l'apartat  el día 25.02.26 a l'hora 11:41:44
487 :: Accés a l'apartat INICI el día 25.02.26 a l'hora 11:42:08
488 :: Accés a l'apartat INICI el día 25.02.26 a l'hora 11:42:11
489 :: Accés a l'apartat INICI el día 25.02.26 a l'hora 11:42:22
490 :: Accés a l'apartat INICI el día 25.02.26 a l'hora 11:42:25
491 :: Accés a l'apartat INICI el día 25.02.26 a l'hora 11:44:42
492 :: Accés a l'apartat  el día 25.02.26 a l'hora 11:44:52
493 :: Accés a l'apartat INICI el día 25.02.26 a l'hora 11:44:54
494 :: Accés a l'apartat INICI el día 25.02.26 a l'hora 11:45:39
495 :: Accés a l'apartat INICI el día 25.02.26 a l'hora 11:46:28
496 :: Accés a l'apartat  el día 25.02.26 a l'hora 16:40:01
497 :: Accés a l'apartat INICI el día 25.02.26 a l'hora 16:40:17
498 :: Accés a l'apartat INICI el día 25.02.26 a l'hora 16:40:25
499 :: Accés a l'apartat INICI el día 25.02.26 a l'hora 16:40:42
500 :: Accés a l'apartat INICI el día 25.02.26 a l'hora 16:42:35
501 :: Accés a l'apartat INICI el día 25.02.26 a l'hora 16:42:37
502 :: Accés a l'apartat INICI el día 25.02.26 a l'hora 16:43:50
503 :: Accés a l'apartat INICI el día 25.02.26 a l'hora 17:12:42
504 :: Accés a l'apartat INICI el día 25.02.26 a l'hora 17:14:44
505 :: Accés a l'apartat INICI el día 25.02.26 a l'hora 17:14:55
506 :: Accés a l'apartat INICI el día 25.02.26 a l'hora 17:14:58
507 :: Accés a l'apartat INICI el día 25.02.26 a l'hora 17:15:00
508 :: Accés a l'apartat INICI el día 25.02.26 a l'hora 17:15:37
509 :: Accés a l'apartat INICI el día 25.02.26 a l'hora 17:15:47
510 :: Accés a l'apartat INICI el día 25.02.26 a l'hora 17:15:49
511 :: Accés a l'apartat INICI el día 25.02.26 a l'hora 17:16:07
512 :: Accés a l'apartat INICI el día 25.02.26 a l'hora 17:16:10
513 :: Accés a l'apartat  el día 25.02.26 a l'hora 20:59:34
514 :: Accés a l'apartat INICI el día 25.02.26 a l'hora 20:59:57
515 :: Accés a l'apartat INICI el día 25.02.26 a l'hora 21:00:24
516 :: Accés a l'apartat INICI el día 25.02.26 a l'hora 21:00:38
517 :: Accés a l'apartat INICI el día 25.02.26 a l'hora 21:00:41
518 :: Accés a l'apartat INICI el día 25.02.26 a l'hora 21:16:31
519 :: Accés a l'apartat INICI el día 25.02.26 a l'hora 21:16:44
520 :: Accés a l'apartat CONTACTE el día 25.02.26 a l'hora 21:16:51
521 :: Accés a l'apartat INICI el día 25.02.26 a l'hora 21:16:52
522 :: Accés a l'apartat INICI el día 25.02.26 a l'hora 21:17:10
523 :: Accés a l'apartat INICI el día 25.02.26 a l'hora 21:17:41
524 :: Accés a l'apartat CONTACTE el día 25.02.26 a l'hora 21:17:43
525 :: Accés a l'apartat REGISTRE el día 25.02.26 a l'hora 21:17:44
526 :: Accés a l'apartat APADRINA el día 25.02.26 a l'hora 21:17:46
527 :: Accés a l'apartat INICI el día 25.02.26 a l'hora 21:17:49
528 :: Accés a l'apartat INICI el día 25.02.26 a l'hora 21:23:01
529 :: Accés a l'apartat INICI el día 25.02.26 a l'hora 21:23:15
530 :: Accés a l'apartat INICI el día 25.02.26 a l'hora 21:23:23
531 :: Accés a l'apartat INICI el día 25.02.26 a l'hora 21:24:18
532 :: Accés a l'apartat INICI el día 25.02.26 a l'hora 21:24:33
533 :: Accés a l'apartat INICI el día 25.02.26 a l'hora 21:24:54
534 :: Accés a l'apartat INICI el día 25.02.26 a l'hora 21:25:09
535 :: Accés a l'apartat INICI el día 25.02.26 a l'hora 21:26:03
536 :: Accés a l'apartat INICI el día 25.02.26 a l'hora 21:26:09
537 :: Accés a l'apartat INICI el día 25.02.26 a l'hora 21:26:24
538 :: Accés a l'apartat INICI el día 25.02.26 a l'hora 21:26:35
539 :: Accés a l'apartat INICI el día 25.02.26 a l'hora 21:26:45
540 :: Accés a l'apartat INICI el día 25.02.26 a l'hora 21:26:48
541 :: Accés a l'apartat INICI el día 25.02.26 a l'hora 21:29:05
542 :: Accés a l'apartat INICI el día 25.02.26 a l'hora 21:29:23
543 :: Accés a l'apartat INICI el día 25.02.26 a l'hora 21:29:29
544 :: Accés a l'apartat INICI el día 25.02.26 a l'hora 21:37:51
545 :: Accés a l'apartat INICI el día 25.02.26 a l'hora 21:38:23
546 :: Accés a l'apartat INICI el día 25.02.26 a l'hora 22:07:33
547 :: Accés a l'apartat INICI el día 25.02.26 a l'hora 22:07:48
548 :: Accés a l'apartat INICI el día 25.02.26 a l'hora 22:07:55
549 :: Accés a l'apartat INICI el día 25.02.26 a l'hora 22:08:10
550 :: Accés a l'apartat INICI el día 25.02.26 a l'hora 22:08:15
551 :: Accés a l'apartat  el día 25.02.26 a l'hora 22:13:20
552 :: Accés a l'apartat INICI el día 25.02.26 a l'hora 22:13:37
553 :: Accés a l'apartat INICI el día 25.02.26 a l'hora 22:13:40
554 :: Accés a l'apartat INICI el día 25.02.26 a l'hora 22:13:56
555 :: Accés a l'apartat INICI el día 25.02.26 a l'hora 22:14:01
556 :: Accés a l'apartat  el día 26.02.26 a l'hora 11:22:14
557 :: Accés a l'apartat  el día 26.02.26 a l'hora 14:02:13
558 :: Accés a l'apartat INICI el día 26.02.26 a l'hora 14:02:53
559 :: Accés a l'apartat INICI el día 26.02.26 a l'hora 14:05:44
560 :: Accés a l'apartat INICI el día 26.02.26 a l'hora 14:05:46
561 :: Accés a l'apartat INICI el día 26.02.26 a l'hora 14:06:05
562 :: Accés a l'apartat INICI el día 26.02.26 a l'hora 14:06:26
563 :: Accés a l'apartat INICI el día 26.02.26 a l'hora 14:06:39
564 :: Accés a l'apartat INICI el día 26.02.26 a l'hora 15:02:57
565 :: Accés a l'apartat INICI el día 26.02.26 a l'hora 15:04:49
566 :: Accés a l'apartat INICI el día 26.02.26 a l'hora 15:18:06
567 :: Accés a l'apartat INICI el día 26.02.26 a l'hora 15:18:08
568 :: Accés a l'apartat INICI el día 26.02.26 a l'hora 15:19:38
569 :: Accés a l'apartat INICI el día 26.02.26 a l'hora 15:19:52
570 :: Accés a l'apartat INICI el día 26.02.26 a l'hora 15:20:14
571 :: Accés a l'apartat INICI el día 26.02.26 a l'hora 15:20:34
572 :: Accés a l'apartat INICI el día 26.02.26 a l'hora 15:20:52
573 :: Accés a l'apartat INICI el día 26.02.26 a l'hora 15:21:24
574 :: Accés a l'apartat INICI el día 26.02.26 a l'hora 15:21:39
575 :: Accés a l'apartat INICI el día 26.02.26 a l'hora 15:21:56
576 :: Accés a l'apartat INICI el día 26.02.26 a l'hora 15:22:16
577 :: Accés a l'apartat INICI el día 26.02.26 a l'hora 15:24:42
578 :: Accés a l'apartat INICI el día 26.02.26 a l'hora 15:24:52
579 :: Accés a l'apartat INICI el día 26.02.26 a l'hora 15:30:39
580 :: Accés a l'apartat INICI el día 26.02.26 a l'hora 15:30:41
581 :: Accés a l'apartat INICI el día 26.02.26 a l'hora 15:30:50
582 :: Accés a l'apartat INICI el día 26.02.26 a l'hora 15:35:58
583 :: Accés a l'apartat INICI el día 26.02.26 a l'hora 15:36:12
584 :: Accés a l'apartat INICI el día 26.02.26 a l'hora 15:36:45
585 :: Accés a l'apartat INICI el día 26.02.26 a l'hora 15:36:53
586 :: Accés a l'apartat INICI el día 26.02.26 a l'hora 15:37:10
587 :: Accés a l'apartat INICI el día 26.02.26 a l'hora 15:37:25
588 :: Accés a l'apartat INICI el día 26.02.26 a l'hora 15:37:30
589 :: Accés a l'apartat REGISTRE el día 26.02.26 a l'hora 15:37:37
590 :: Accés a l'apartat INICI el día 26.02.26 a l'hora 15:37:54
591 :: Accés a l'apartat  el día 26.02.26 a l'hora 15:39:00
592 :: Accés a l'apartat  el día 26.02.26 a l'hora 15:39:03
593 :: Accés a l'apartat INICI el día 26.02.26 a l'hora 15:39:19
594 :: Accés a l'apartat INICI el día 26.02.26 a l'hora 15:42:01
595 :: Accés a l'apartat INICI el día 26.02.26 a l'hora 15:43:06
596 :: Accés a l'apartat INICI el día 26.02.26 a l'hora 15:44:22
597 :: Accés a l'apartat INICI el día 26.02.26 a l'hora 15:44:58
598 :: Accés a l'apartat INICI el día 26.02.26 a l'hora 15:45:26
599 :: Accés a l'apartat INICI el día 26.02.26 a l'hora 15:46:45
600 :: Accés a l'apartat INICI el día 26.02.26 a l'hora 15:47:00
601 :: Accés a l'apartat INICI el día 26.02.26 a l'hora 15:48:29
602 :: Accés a l'apartat INICI el día 26.02.26 a l'hora 15:48:36
603 :: Accés a l'apartat INICI el día 26.02.26 a l'hora 15:48:53
604 :: Accés a l'apartat INICI el día 26.02.26 a l'hora 15:50:36
605 :: Accés a l'apartat INICI el día 26.02.26 a l'hora 15:51:55
606 :: Accés a l'apartat INICI el día 26.02.26 a l'hora 15:53:42
607 :: Accés a l'apartat INICI el día 26.02.26 a l'hora 15:54:30
608 :: Accés a l'apartat INICI el día 26.02.26 a l'hora 15:54:32
609 :: Accés a l'apartat INICI el día 26.02.26 a l'hora 15:54:34
610 :: Accés a l'apartat  el día 26.02.26 a l'hora 15:56:32
611 :: Accés a l'apartat INICI el día 26.02.26 a l'hora 15:56:39
612 :: Accés a l'apartat  el día 26.02.26 a l'hora 21:40:32
613 :: Accés a l'apartat  el día 26.02.26 a l'hora 21:41:13
614 :: Accés a l'apartat CONTACTE el día 26.02.26 a l'hora 21:41:16
615 :: Accés a l'apartat REGISTRE el día 26.02.26 a l'hora 21:41:17
616 :: Accés a l'apartat CONTACTE el día 26.02.26 a l'hora 21:41:18
617 :: Accés a l'apartat REGISTRE el día 26.02.26 a l'hora 21:41:43
618 :: Accés a l'apartat REGISTRE el día 26.02.26 a l'hora 21:42:09
619 :: Accés a l'apartat INICI el día 26.02.26 a l'hora 21:42:52
620 :: Accés a l'apartat REGISTRE el día 26.02.26 a l'hora 21:42:57
621 :: Accés a l'apartat  el día 26.02.26 a l'hora 21:46:35
622 :: Accés a l'apartat  el día 26.02.26 a l'hora 21:48:46
623 :: Accés a l'apartat  el día 26.02.26 a l'hora 21:49:37
624 :: Accés a l'apartat  el día 26.02.26 a l'hora 21:53:31
625 :: Accés a l'apartat  el día 26.02.26 a l'hora 21:53:32
626 :: Accés a l'apartat  el día 26.02.26 a l'hora 21:55:48
627 :: Accés a l'apartat  el día 26.02.26 a l'hora 21:57:04
628 :: Accés a l'apartat  el día 26.02.26 a l'hora 22:00:27
629 :: Accés a l'apartat  el día 26.02.26 a l'hora 22:01:32
630 :: Accés a l'apartat APADRINA el día 26.02.26 a l'hora 22:01:59
631 :: Accés a l'apartat INICI el día 26.02.26 a l'hora 22:02:02
632 :: Accés a l'apartat INICI el día 26.02.26 a l'hora 22:02:21
